[0.031s] Invoking command in '/home/ssafy/Desktop/S14P11A401/rc_tracking/build/rc_detection': CMAKE_PREFIX_PATH=/opt/ros/humble CONDA_PROMPT_MODIFIER=(rc_car) /usr/bin/cmake /home/ssafy/Desktop/S14P11A401/rc_tracking/src/rc_detection -DAMENT_CMAKE_SYMLINK_INSTALL=1 -DCMAKE_INSTALL_PREFIX=/home/ssafy/Desktop/S14P11A401/rc_tracking/install/rc_detection
[0.189s] -- Found ament_cmake: 1.3.12 (/opt/ros/humble/share/ament_cmake/cmake)
[0.604s] -- Override CMake install command with custom implementation using symlinks instead of copying resources
[0.649s] -- Found rosidl_default_generators: 1.2.0 (/opt/ros/humble/share/rosidl_default_generators/cmake)
[0.663s] -- Using all available rosidl_typesupport_c: rosidl_typesupport_fastrtps_c;rosidl_typesupport_introspection_c
[0.674s] -- Found rosidl_adapter: 3.1.8 (/opt/ros/humble/share/rosidl_adapter/cmake)
[0.765s] -- Using all available rosidl_typesupport_cpp: rosidl_typesupport_fastrtps_cpp;rosidl_typesupport_introspection_cpp
[0.829s] -- Found std_msgs: 4.9.0 (/opt/ros/humble/share/std_msgs/cmake)
[0.884s] -- Found sensor_msgs: 4.9.0 (/opt/ros/humble/share/sensor_msgs/cmake)
[2.063s] -- Found ament_cmake_ros: 0.10.0 (/opt/ros/humble/share/ament_cmake_ros/cmake)
[2.768s] -- Using all available rosidl_typesupport_c: rosidl_typesupport_fastrtps_c;rosidl_typesupport_introspection_c
[3.704s] -- Using all available rosidl_typesupport_cpp: rosidl_typesupport_fastrtps_cpp;rosidl_typesupport_introspection_cpp
[3.778s] -- Found python_cmake_module: 0.10.0 (/opt/ros/humble/share/python_cmake_module/cmake)
[3.849s] -- Using PYTHON_EXECUTABLE: /home/ssafy/miniforge3/envs/rc_car/bin/python3
[3.849s] -- Using PYTHON_INCLUDE_DIRS: /home/ssafy/miniforge3/envs/rc_car/include/python3.10
[3.850s] -- Using PYTHON_LIBRARIES: /home/ssafy/miniforge3/envs/rc_car/lib/libpython3.10.so
[4.480s] -- Using numpy include directory: /home/ssafy/miniforge3/envs/rc_car/lib/python3.10/site-packages/numpy/core/include
[4.593s] -- Configuring done
[4.720s] [33mCMake Warning at /opt/ros/humble/share/rosidl_generator_py/cmake/rosidl_generator_py_generate_interfaces.cmake:166 (add_library):
[4.721s]   Cannot generate a safe runtime search path for target
[4.721s]   rc_detection__rosidl_generator_py because files in some directories may
[4.721s]   conflict with libraries in implicit directories:
[4.722s] 
[4.722s]     runtime library [libpython3.10.so.1.0] in /usr/lib/aarch64-linux-gnu may be hidden by files in:
[4.722s]       /home/ssafy/miniforge3/envs/rc_car/lib
[4.722s] 
[4.722s]   Some of these libraries may not be found correctly.
[4.723s] Call Stack (most recent call first):
[4.723s]   /opt/ros/humble/share/ament_cmake_core/cmake/core/ament_execute_extensions.cmake:48 (include)
[4.723s]   /opt/ros/humble/share/rosidl_cmake/cmake/rosidl_generate_interfaces.cmake:286 (ament_execute_extensions)
[4.723s]   CMakeLists.txt:17 (rosidl_generate_interfaces)
[4.724s] 
[4.724s] [0m
[4.732s] [33mCMake Warning at /opt/ros/humble/share/rosidl_generator_py/cmake/rosidl_generator_py_generate_interfaces.cmake:226 (add_library):
[4.733s]   Cannot generate a safe runtime search path for target
[4.733s]   rc_detection__rosidl_typesupport_fastrtps_c__pyext because files in some
[4.733s]   directories may conflict with libraries in implicit directories:
[4.734s] 
[4.734s]     runtime library [libpython3.10.so.1.0] in /usr/lib/aarch64-linux-gnu may be hidden by files in:
[4.734s]       /home/ssafy/miniforge3/envs/rc_car/lib
[4.734s] 
[4.734s]   Some of these libraries may not be found correctly.
[4.735s] Call Stack (most recent call first):
[4.735s]   /opt/ros/humble/share/ament_cmake_core/cmake/core/ament_execute_extensions.cmake:48 (include)
[4.735s]   /opt/ros/humble/share/rosidl_cmake/cmake/rosidl_generate_interfaces.cmake:286 (ament_execute_extensions)
[4.735s]   CMakeLists.txt:17 (rosidl_generate_interfaces)
[4.735s] 
[4.736s] [0m
[4.745s] [33mCMake Warning at /opt/ros/humble/share/rosidl_generator_py/cmake/rosidl_generator_py_generate_interfaces.cmake:226 (add_library):
[4.745s]   Cannot generate a safe runtime search path for target
[4.746s]   rc_detection__rosidl_typesupport_introspection_c__pyext because files in
[4.746s]   some directories may conflict with libraries in implicit directories:
[4.746s] 
[4.746s]     runtime library [libpython3.10.so.1.0] in /usr/lib/aarch64-linux-gnu may be hidden by files in:
[4.746s]       /home/ssafy/miniforge3/envs/rc_car/lib
[4.747s] 
[4.747s]   Some of these libraries may not be found correctly.
[4.747s] Call Stack (most recent call first):
[4.747s]   /opt/ros/humble/share/ament_cmake_core/cmake/core/ament_execute_extensions.cmake:48 (include)
[4.747s]   /opt/ros/humble/share/rosidl_cmake/cmake/rosidl_generate_interfaces.cmake:286 (ament_execute_extensions)
[4.747s]   CMakeLists.txt:17 (rosidl_generate_interfaces)
[4.748s] 
[4.748s] [0m
[4.755s] [33mCMake Warning at /opt/ros/humble/share/rosidl_generator_py/cmake/rosidl_generator_py_generate_interfaces.cmake:226 (add_library):
[4.757s]   Cannot generate a safe runtime search path for target
[4.758s]   rc_detection__rosidl_typesupport_c__pyext because files in some directories
[4.758s]   may conflict with libraries in implicit directories:
[4.758s] 
[4.759s]     runtime library [libpython3.10.so.1.0] in /usr/lib/aarch64-linux-gnu may be hidden by files in:
[4.759s]       /home/ssafy/miniforge3/envs/rc_car/lib
[4.759s] 
[4.759s]   Some of these libraries may not be found correctly.
[4.759s] Call Stack (most recent call first):
[4.760s]   /opt/ros/humble/share/ament_cmake_core/cmake/core/ament_execute_extensions.cmake:48 (include)
[4.760s]   /opt/ros/humble/share/rosidl_cmake/cmake/rosidl_generate_interfaces.cmake:286 (ament_execute_extensions)
[4.760s]   CMakeLists.txt:17 (rosidl_generate_interfaces)
[4.760s] 
[4.760s] [0m
[4.793s] -- Generating done
[4.832s] -- Build files have been written to: /home/ssafy/Desktop/S14P11A401/rc_tracking/build/rc_detection
[4.871s] Invoked command in '/home/ssafy/Desktop/S14P11A401/rc_tracking/build/rc_detection' returned '0': CMAKE_PREFIX_PATH=/opt/ros/humble CONDA_PROMPT_MODIFIER=(rc_car) /usr/bin/cmake /home/ssafy/Desktop/S14P11A401/rc_tracking/src/rc_detection -DAMENT_CMAKE_SYMLINK_INSTALL=1 -DCMAKE_INSTALL_PREFIX=/home/ssafy/Desktop/S14P11A401/rc_tracking/install/rc_detection
[4.878s] Invoking command in '/home/ssafy/Desktop/S14P11A401/rc_tracking/build/rc_detection': CMAKE_PREFIX_PATH=/opt/ros/humble CONDA_PROMPT_MODIFIER=(rc_car) /usr/bin/cmake --build /home/ssafy/Desktop/S14P11A401/rc_tracking/build/rc_detection -- -j6 -l6
[4.999s] [35m[1mConsolidate compiler generated dependencies of target rc_detection__rosidl_generator_c[0m
[5.024s] failed to create symbolic link '/home/ssafy/Desktop/S14P11A401/rc_tracking/build/rc_detection/ament_cmake_python/rc_detection/rc_detection' because existing path cannot be removed: Is a directory
[5.025s] [  2%] Built target rc_detection__cpp
[5.026s] gmake[2]: *** [CMakeFiles/ament_cmake_python_symlink_rc_detection.dir/build.make:70: CMakeFiles/ament_cmake_python_symlink_rc_detection] Error 1
[5.027s] gmake[1]: *** [CMakeFiles/Makefile2:421: CMakeFiles/ament_cmake_python_symlink_rc_detection.dir/all] Error 2
[5.027s] gmake[1]: *** Waiting for unfinished jobs....
[5.036s] [ 12%] Built target rc_detection__rosidl_generator_c
[5.040s] gmake: *** [Makefile:146: all] Error 2
[5.048s] Invoked command in '/home/ssafy/Desktop/S14P11A401/rc_tracking/build/rc_detection' returned '2': CMAKE_PREFIX_PATH=/opt/ros/humble CONDA_PROMPT_MODIFIER=(rc_car) /usr/bin/cmake --build /home/ssafy/Desktop/S14P11A401/rc_tracking/build/rc_detection -- -j6 -l6
