[0.016s] Invoking command in '/home/ssafy/Desktop/S14P11A401/rc_tracking/build/rc_detection': CMAKE_PREFIX_PATH=/opt/ros/humble CONDA_PROMPT_MODIFIER=(rc_car) /usr/bin/cmake /home/ssafy/Desktop/S14P11A401/rc_tracking/src/rc_detection -DCMAKE_INSTALL_PREFIX=/home/ssafy/Desktop/S14P11A401/rc_tracking/install/rc_detection
[0.366s] -- The C compiler identification is GNU 11.4.0
[0.558s] -- The CXX compiler identification is GNU 11.4.0
[0.583s] -- Detecting C compiler ABI info
[0.855s] -- Detecting C compiler ABI info - done
[0.865s] -- Check for working C compiler: /usr/bin/cc - skipped
[0.894s] -- Detecting C compile features
[0.894s] -- Detecting C compile features - done
[0.900s] -- Detecting CXX compiler ABI info
[1.253s] -- Detecting CXX compiler ABI info - done
[1.270s] -- Check for working CXX compiler: /usr/bin/c++ - skipped
[1.270s] -- Detecting CXX compile features
[1.271s] -- Detecting CXX compile features - done
[1.275s] -- Found ament_cmake: 1.3.12 (/opt/ros/humble/share/ament_cmake/cmake)
[2.529s] -- Found Python3: /home/ssafy/miniforge3/envs/rc_car/bin/python3 (found version "3.10.19") found components: Interpreter 
[2.804s] -- Found rosidl_default_generators: 1.2.0 (/opt/ros/humble/share/rosidl_default_generators/cmake)
[2.810s] -- Using all available rosidl_typesupport_c: rosidl_typesupport_fastrtps_c;rosidl_typesupport_introspection_c
[2.824s] -- Found rosidl_adapter: 3.1.8 (/opt/ros/humble/share/rosidl_adapter/cmake)
[2.906s] -- Using all available rosidl_typesupport_cpp: rosidl_typesupport_fastrtps_cpp;rosidl_typesupport_introspection_cpp
[2.971s] -- Found std_msgs: 4.9.0 (/opt/ros/humble/share/std_msgs/cmake)
[3.024s] -- Found sensor_msgs: 4.9.0 (/opt/ros/humble/share/sensor_msgs/cmake)
[3.364s] CMake Error at /opt/ros/humble/share/rosidl_adapter/cmake/rosidl_adapt_interfaces.cmake:59 (message):
[3.365s]   execute_process(/home/ssafy/miniforge3/envs/rc_car/bin/python3 -m
[3.365s]   rosidl_adapter --package-name rc_detection --arguments-file
[3.365s]   /home/ssafy/Desktop/S14P11A401/rc_tracking/build/rc_detection/rosidl_adapter__arguments__rc_detection.json
[3.365s]   --output-dir
[3.365s]   /home/ssafy/Desktop/S14P11A401/rc_tracking/build/rc_detection/rosidl_adapter/rc_detection
[3.365s]   --output-file
[3.366s]   /home/ssafy/Desktop/S14P11A401/rc_tracking/build/rc_detection/rosidl_adapter/rc_detection.idls)
[3.366s]   returned error code 1:
[3.366s] 
[3.366s]   Traceback (most recent call last):
[3.366s] 
[3.366s]     File "/home/ssafy/miniforge3/envs/rc_car/lib/python3.10/runpy.py", line 196, in _run_module_as_main
[3.366s]       return _run_code(code, main_globals, None,
[3.366s]     File "/home/ssafy/miniforge3/envs/rc_car/lib/python3.10/runpy.py", line 86, in _run_code
[3.367s]       exec(code, run_globals)
[3.367s]     File "/opt/ros/humble/local/lib/python3.10/dist-packages/rosidl_adapter/__main__.py", line 19, in <module>
[3.367s]       sys.exit(main())
[3.367s]     File "/opt/ros/humble/local/lib/python3.10/dist-packages/rosidl_adapter/main.py", line 53, in main
[3.367s]       abs_idl_file = convert_to_idl(
[3.367s]     File "/opt/ros/humble/local/lib/python3.10/dist-packages/rosidl_adapter/__init__.py", line 18, in convert_to_idl
[3.367s]       from rosidl_adapter.msg import convert_msg_to_idl
[3.367s]     File "/opt/ros/humble/local/lib/python3.10/dist-packages/rosidl_adapter/msg/__init__.py", line 16, in <module>
[3.368s]       from rosidl_adapter.resource import expand_template
[3.368s]     File "/opt/ros/humble/local/lib/python3.10/dist-packages/rosidl_adapter/resource/__init__.py", line 19, in <module>
[3.368s]       import em
[3.368s] 
[3.371s]   ModuleNotFoundError: No module named 'em'
[3.371s] 
[3.372s] Call Stack (most recent call first):
[3.372s]   /opt/ros/humble/share/rosidl_cmake/cmake/rosidl_generate_interfaces.cmake:130 (rosidl_adapt_interfaces)
[3.372s]   CMakeLists.txt:17 (rosidl_generate_interfaces)
[3.372s] 
[3.372s] 
[3.372s] -- Configuring incomplete, errors occurred!
[3.372s] See also "/home/ssafy/Desktop/S14P11A401/rc_tracking/build/rc_detection/CMakeFiles/CMakeOutput.log".
[3.388s] Invoked command in '/home/ssafy/Desktop/S14P11A401/rc_tracking/build/rc_detection' returned '1': CMAKE_PREFIX_PATH=/opt/ros/humble CONDA_PROMPT_MODIFIER=(rc_car) /usr/bin/cmake /home/ssafy/Desktop/S14P11A401/rc_tracking/src/rc_detection -DCMAKE_INSTALL_PREFIX=/home/ssafy/Desktop/S14P11A401/rc_tracking/install/rc_detection
