[0.238s] DEBUG:colcon:Command line arguments: ['/usr/bin/colcon', 'build']
[0.238s] DEBUG:colcon:Parsed command line arguments: Namespace(log_base=None, log_level=None, verb_name='build', build_base='build', install_base='install', merge_install=False, symlink_install=False, test_result_base=None, continue_on_error=False, executor='parallel', parallel_workers=6, event_handlers=None, ignore_user_meta=False, metas=['./colcon.meta'], base_paths=['.'], packages_ignore=None, packages_ignore_regex=None, paths=None, packages_up_to=None, packages_up_to_regex=None, packages_above=None, packages_above_and_dependencies=None, packages_above_depth=None, packages_select_by_dep=None, packages_skip_by_dep=None, packages_skip_up_to=None, packages_select_build_failed=False, packages_skip_build_finished=False, packages_select_test_failures=False, packages_skip_test_passed=False, packages_select=None, packages_skip=None, packages_select_regex=None, packages_skip_regex=None, packages_start=None, packages_end=None, allow_overriding=[], cmake_args=None, cmake_target=None, cmake_target_skip_unavailable=False, cmake_clean_cache=False, cmake_clean_first=False, cmake_force_configure=False, ament_cmake_args=None, catkin_cmake_args=None, catkin_skip_building_tests=False, verb_parser=<colcon_defaults.argument_parser.defaults.DefaultArgumentsDecorator object at 0xffff9400bf40>, verb_extension=<colcon_core.verb.build.BuildVerb object at 0xffff9400b9a0>, main=<bound method BuildVerb.main of <colcon_core.verb.build.BuildVerb object at 0xffff9400b9a0>>)
[0.628s] Level 1:colcon.colcon_core.package_discovery:discover_packages(colcon_meta) check parameters
[0.628s] Level 1:colcon.colcon_core.package_discovery:discover_packages(recursive) check parameters
[0.628s] Level 1:colcon.colcon_core.package_discovery:discover_packages(ignore) check parameters
[0.628s] Level 1:colcon.colcon_core.package_discovery:discover_packages(path) check parameters
[0.628s] Level 1:colcon.colcon_core.package_discovery:discover_packages(colcon_meta) discover
[0.628s] Level 1:colcon.colcon_core.package_discovery:discover_packages(recursive) discover
[0.629s] INFO:colcon.colcon_core.package_discovery:Crawling recursively for packages in '/home/ssafy/Desktop/S14P11A401/rc_tracking'
[0.629s] Level 1:colcon.colcon_core.package_identification:_identify(.) by extensions ['ignore', 'ignore_ament_install']
[0.629s] Level 1:colcon.colcon_core.package_identification:_identify(.) by extension 'ignore'
[0.629s] Level 1:colcon.colcon_core.package_identification:_identify(.) by extension 'ignore_ament_install'
[0.629s] Level 1:colcon.colcon_core.package_identification:_identify(.) by extensions ['colcon_pkg']
[0.629s] Level 1:colcon.colcon_core.package_identification:_identify(.) by extension 'colcon_pkg'
[0.630s] Level 1:colcon.colcon_core.package_identification:_identify(.) by extensions ['colcon_meta']
[0.630s] Level 1:colcon.colcon_core.package_identification:_identify(.) by extension 'colcon_meta'
[0.630s] Level 1:colcon.colcon_core.package_identification:_identify(.) by extensions ['ros']
[0.630s] Level 1:colcon.colcon_core.package_identification:_identify(.) by extension 'ros'
[0.655s] Level 1:colcon.colcon_core.package_identification:_identify(.) by extensions ['cmake', 'python']
[0.656s] Level 1:colcon.colcon_core.package_identification:_identify(.) by extension 'cmake'
[0.656s] Level 1:colcon.colcon_core.package_identification:_identify(.) by extension 'python'
[0.656s] Level 1:colcon.colcon_core.package_identification:_identify(.) by extensions ['python_setup_py']
[0.656s] Level 1:colcon.colcon_core.package_identification:_identify(.) by extension 'python_setup_py'
[0.656s] Level 1:colcon.colcon_core.package_identification:_identify(build) by extensions ['ignore', 'ignore_ament_install']
[0.657s] Level 1:colcon.colcon_core.package_identification:_identify(build) by extension 'ignore'
[0.657s] Level 1:colcon.colcon_core.package_identification:_identify(build) ignored
[0.657s] Level 1:colcon.colcon_core.package_identification:_identify(install) by extensions ['ignore', 'ignore_ament_install']
[0.657s] Level 1:colcon.colcon_core.package_identification:_identify(install) by extension 'ignore'
[0.657s] Level 1:colcon.colcon_core.package_identification:_identify(install) ignored
[0.658s] Level 1:colcon.colcon_core.package_identification:_identify(kinam) by extensions ['ignore', 'ignore_ament_install']
[0.658s] Level 1:colcon.colcon_core.package_identification:_identify(kinam) by extension 'ignore'
[0.658s] Level 1:colcon.colcon_core.package_identification:_identify(kinam) by extension 'ignore_ament_install'
[0.658s] Level 1:colcon.colcon_core.package_identification:_identify(kinam) by extensions ['colcon_pkg']
[0.658s] Level 1:colcon.colcon_core.package_identification:_identify(kinam) by extension 'colcon_pkg'
[0.658s] Level 1:colcon.colcon_core.package_identification:_identify(kinam) by extensions ['colcon_meta']
[0.658s] Level 1:colcon.colcon_core.package_identification:_identify(kinam) by extension 'colcon_meta'
[0.658s] Level 1:colcon.colcon_core.package_identification:_identify(kinam) by extensions ['ros']
[0.658s] Level 1:colcon.colcon_core.package_identification:_identify(kinam) by extension 'ros'
[0.659s] Level 1:colcon.colcon_core.package_identification:_identify(kinam) by extensions ['cmake', 'python']
[0.659s] Level 1:colcon.colcon_core.package_identification:_identify(kinam) by extension 'cmake'
[0.659s] Level 1:colcon.colcon_core.package_identification:_identify(kinam) by extension 'python'
[0.659s] Level 1:colcon.colcon_core.package_identification:_identify(kinam) by extensions ['python_setup_py']
[0.659s] Level 1:colcon.colcon_core.package_identification:_identify(kinam) by extension 'python_setup_py'
[0.659s] Level 1:colcon.colcon_core.package_identification:_identify(log) by extensions ['ignore', 'ignore_ament_install']
[0.659s] Level 1:colcon.colcon_core.package_identification:_identify(log) by extension 'ignore'
[0.659s] Level 1:colcon.colcon_core.package_identification:_identify(log) ignored
[0.660s] Level 1:colcon.colcon_core.package_identification:_identify(src) by extensions ['ignore', 'ignore_ament_install']
[0.660s] Level 1:colcon.colcon_core.package_identification:_identify(src) by extension 'ignore'
[0.660s] Level 1:colcon.colcon_core.package_identification:_identify(src) by extension 'ignore_ament_install'
[0.660s] Level 1:colcon.colcon_core.package_identification:_identify(src) by extensions ['colcon_pkg']
[0.660s] Level 1:colcon.colcon_core.package_identification:_identify(src) by extension 'colcon_pkg'
[0.660s] Level 1:colcon.colcon_core.package_identification:_identify(src) by extensions ['colcon_meta']
[0.660s] Level 1:colcon.colcon_core.package_identification:_identify(src) by extension 'colcon_meta'
[0.660s] Level 1:colcon.colcon_core.package_identification:_identify(src) by extensions ['ros']
[0.661s] Level 1:colcon.colcon_core.package_identification:_identify(src) by extension 'ros'
[0.661s] Level 1:colcon.colcon_core.package_identification:_identify(src) by extensions ['cmake', 'python']
[0.661s] Level 1:colcon.colcon_core.package_identification:_identify(src) by extension 'cmake'
[0.661s] Level 1:colcon.colcon_core.package_identification:_identify(src) by extension 'python'
[0.661s] Level 1:colcon.colcon_core.package_identification:_identify(src) by extensions ['python_setup_py']
[0.661s] Level 1:colcon.colcon_core.package_identification:_identify(src) by extension 'python_setup_py'
[0.661s] Level 1:colcon.colcon_core.package_identification:_identify(src/rc_detection) by extensions ['ignore', 'ignore_ament_install']
[0.661s] Level 1:colcon.colcon_core.package_identification:_identify(src/rc_detection) by extension 'ignore'
[0.662s] Level 1:colcon.colcon_core.package_identification:_identify(src/rc_detection) by extension 'ignore_ament_install'
[0.662s] Level 1:colcon.colcon_core.package_identification:_identify(src/rc_detection) by extensions ['colcon_pkg']
[0.662s] Level 1:colcon.colcon_core.package_identification:_identify(src/rc_detection) by extension 'colcon_pkg'
[0.662s] Level 1:colcon.colcon_core.package_identification:_identify(src/rc_detection) by extensions ['colcon_meta']
[0.662s] Level 1:colcon.colcon_core.package_identification:_identify(src/rc_detection) by extension 'colcon_meta'
[0.662s] Level 1:colcon.colcon_core.package_identification:_identify(src/rc_detection) by extensions ['ros']
[0.662s] Level 1:colcon.colcon_core.package_identification:_identify(src/rc_detection) by extension 'ros'
[0.668s] DEBUG:colcon.colcon_core.package_identification:Package 'src/rc_detection' with type 'ros.ament_cmake' and name 'rc_detection'
[0.668s] Level 1:colcon.colcon_core.package_discovery:discover_packages(recursive) using defaults
[0.668s] Level 1:colcon.colcon_core.package_discovery:discover_packages(ignore) discover
[0.669s] Level 1:colcon.colcon_core.package_discovery:discover_packages(ignore) using defaults
[0.669s] Level 1:colcon.colcon_core.package_discovery:discover_packages(path) discover
[0.669s] Level 1:colcon.colcon_core.package_discovery:discover_packages(path) using defaults
[0.711s] Level 1:colcon.colcon_core.package_discovery:discover_packages(prefix_path) check parameters
[0.711s] Level 1:colcon.colcon_core.package_discovery:discover_packages(prefix_path) discover
[0.716s] DEBUG:colcon.colcon_installed_package_information.package_discovery:Found 272 installed packages in /opt/ros/humble
[0.722s] Level 1:colcon.colcon_core.package_discovery:discover_packages(prefix_path) using defaults
[0.830s] Level 5:colcon.colcon_core.verb:set package 'rc_detection' build argument 'cmake_args' from command line to 'None'
[0.830s] Level 5:colcon.colcon_core.verb:set package 'rc_detection' build argument 'cmake_target' from command line to 'None'
[0.830s] Level 5:colcon.colcon_core.verb:set package 'rc_detection' build argument 'cmake_target_skip_unavailable' from command line to 'False'
[0.830s] Level 5:colcon.colcon_core.verb:set package 'rc_detection' build argument 'cmake_clean_cache' from command line to 'False'
[0.830s] Level 5:colcon.colcon_core.verb:set package 'rc_detection' build argument 'cmake_clean_first' from command line to 'False'
[0.830s] Level 5:colcon.colcon_core.verb:set package 'rc_detection' build argument 'cmake_force_configure' from command line to 'False'
[0.830s] Level 5:colcon.colcon_core.verb:set package 'rc_detection' build argument 'ament_cmake_args' from command line to 'None'
[0.830s] Level 5:colcon.colcon_core.verb:set package 'rc_detection' build argument 'catkin_cmake_args' from command line to 'None'
[0.830s] Level 5:colcon.colcon_core.verb:set package 'rc_detection' build argument 'catkin_skip_building_tests' from command line to 'False'
[0.831s] DEBUG:colcon.colcon_core.verb:Building package 'rc_detection' with the following arguments: {'ament_cmake_args': None, 'build_base': '/home/ssafy/Desktop/S14P11A401/rc_tracking/build/rc_detection', 'catkin_cmake_args': None, 'catkin_skip_building_tests': False, 'cmake_args': None, 'cmake_clean_cache': False, 'cmake_clean_first': False, 'cmake_force_configure': False, 'cmake_target': None, 'cmake_target_skip_unavailable': False, 'install_base': '/home/ssafy/Desktop/S14P11A401/rc_tracking/install/rc_detection', 'merge_install': False, 'path': '/home/ssafy/Desktop/S14P11A401/rc_tracking/src/rc_detection', 'symlink_install': False, 'test_result_base': None}
[0.831s] INFO:colcon.colcon_core.executor:Executing jobs using 'parallel' executor
[0.833s] DEBUG:colcon.colcon_parallel_executor.executor.parallel:run_until_complete
[0.834s] INFO:colcon.colcon_ros.task.ament_cmake.build:Building ROS package in '/home/ssafy/Desktop/S14P11A401/rc_tracking/src/rc_detection' with build type 'ament_cmake'
[0.834s] INFO:colcon.colcon_cmake.task.cmake.build:Building CMake package in '/home/ssafy/Desktop/S14P11A401/rc_tracking/src/rc_detection'
[0.838s] INFO:colcon.colcon_core.plugin_system:Skipping extension 'colcon_core.shell.bat': Not used on non-Windows systems
[0.839s] INFO:colcon.colcon_core.shell:Skip shell extension 'powershell' for command environment: Not usable outside of PowerShell
[0.839s] DEBUG:colcon.colcon_core.shell:Skip shell extension 'dsv' for command environment
[0.851s] DEBUG:colcon.colcon_core.event_handler.log_command:Invoking command in '/home/ssafy/Desktop/S14P11A401/rc_tracking/build/rc_detection': CMAKE_PREFIX_PATH=/opt/ros/humble CONDA_PROMPT_MODIFIER=(rc_car) /usr/bin/cmake /home/ssafy/Desktop/S14P11A401/rc_tracking/src/rc_detection -DCMAKE_INSTALL_PREFIX=/home/ssafy/Desktop/S14P11A401/rc_tracking/install/rc_detection
[4.495s] DEBUG:colcon.colcon_core.event_handler.log_command:Invoked command in '/home/ssafy/Desktop/S14P11A401/rc_tracking/build/rc_detection' returned '0': CMAKE_PREFIX_PATH=/opt/ros/humble CONDA_PROMPT_MODIFIER=(rc_car) /usr/bin/cmake /home/ssafy/Desktop/S14P11A401/rc_tracking/src/rc_detection -DCMAKE_INSTALL_PREFIX=/home/ssafy/Desktop/S14P11A401/rc_tracking/install/rc_detection
[4.496s] DEBUG:colcon.colcon_core.event_handler.log_command:Invoking command in '/home/ssafy/Desktop/S14P11A401/rc_tracking/build/rc_detection': CMAKE_PREFIX_PATH=/opt/ros/humble CONDA_PROMPT_MODIFIER=(rc_car) /usr/bin/cmake --build /home/ssafy/Desktop/S14P11A401/rc_tracking/build/rc_detection -- -j6 -l6
[12.464s] DEBUG:colcon.colcon_core.event_handler.log_command:Invoked command in '/home/ssafy/Desktop/S14P11A401/rc_tracking/build/rc_detection' returned '0': CMAKE_PREFIX_PATH=/opt/ros/humble CONDA_PROMPT_MODIFIER=(rc_car) /usr/bin/cmake --build /home/ssafy/Desktop/S14P11A401/rc_tracking/build/rc_detection -- -j6 -l6
[12.486s] DEBUG:colcon.colcon_core.event_handler.log_command:Invoking command in '/home/ssafy/Desktop/S14P11A401/rc_tracking/build/rc_detection': CMAKE_PREFIX_PATH=/opt/ros/humble CONDA_PROMPT_MODIFIER=(rc_car) /usr/bin/cmake --install /home/ssafy/Desktop/S14P11A401/rc_tracking/build/rc_detection
[12.675s] Level 1:colcon.colcon_core.environment:create_environment_scripts_only(rc_detection)
[12.676s] DEBUG:colcon.colcon_core.event_handler.log_command:Invoked command in '/home/ssafy/Desktop/S14P11A401/rc_tracking/build/rc_detection' returned '0': CMAKE_PREFIX_PATH=/opt/ros/humble CONDA_PROMPT_MODIFIER=(rc_car) /usr/bin/cmake --install /home/ssafy/Desktop/S14P11A401/rc_tracking/build/rc_detection
[12.681s] Level 1:colcon.colcon_core.environment:checking '/home/ssafy/Desktop/S14P11A401/rc_tracking/install/rc_detection' for CMake module files
[12.682s] Level 1:colcon.colcon_core.environment:checking '/home/ssafy/Desktop/S14P11A401/rc_tracking/install/rc_detection' for CMake config files
[12.684s] Level 1:colcon.colcon_core.shell:create_environment_hook('rc_detection', 'cmake_prefix_path')
[12.684s] INFO:colcon.colcon_core.shell:Creating environment hook '/home/ssafy/Desktop/S14P11A401/rc_tracking/install/rc_detection/share/rc_detection/hook/cmake_prefix_path.ps1'
[12.686s] INFO:colcon.colcon_core.shell:Creating environment descriptor '/home/ssafy/Desktop/S14P11A401/rc_tracking/install/rc_detection/share/rc_detection/hook/cmake_prefix_path.dsv'
[12.687s] INFO:colcon.colcon_core.shell:Creating environment hook '/home/ssafy/Desktop/S14P11A401/rc_tracking/install/rc_detection/share/rc_detection/hook/cmake_prefix_path.sh'
[12.690s] Level 1:colcon.colcon_core.environment:checking '/home/ssafy/Desktop/S14P11A401/rc_tracking/install/rc_detection/lib'
[12.690s] Level 1:colcon.colcon_core.shell:create_environment_hook('rc_detection', 'ld_library_path_lib')
[12.691s] INFO:colcon.colcon_core.shell:Creating environment hook '/home/ssafy/Desktop/S14P11A401/rc_tracking/install/rc_detection/share/rc_detection/hook/ld_library_path_lib.ps1'
[12.692s] INFO:colcon.colcon_core.shell:Creating environment descriptor '/home/ssafy/Desktop/S14P11A401/rc_tracking/install/rc_detection/share/rc_detection/hook/ld_library_path_lib.dsv'
[12.693s] INFO:colcon.colcon_core.shell:Creating environment hook '/home/ssafy/Desktop/S14P11A401/rc_tracking/install/rc_detection/share/rc_detection/hook/ld_library_path_lib.sh'
[12.695s] Level 1:colcon.colcon_core.environment:checking '/home/ssafy/Desktop/S14P11A401/rc_tracking/install/rc_detection/bin'
[12.696s] Level 1:colcon.colcon_core.environment:checking '/home/ssafy/Desktop/S14P11A401/rc_tracking/install/rc_detection/lib/pkgconfig/rc_detection.pc'
[12.696s] Level 1:colcon.colcon_core.environment:checking '/home/ssafy/Desktop/S14P11A401/rc_tracking/install/rc_detection/lib/python3.10/site-packages'
[12.696s] Level 1:colcon.colcon_core.shell:create_environment_hook('rc_detection', 'pythonpath')
[12.697s] INFO:colcon.colcon_core.shell:Creating environment hook '/home/ssafy/Desktop/S14P11A401/rc_tracking/install/rc_detection/share/rc_detection/hook/pythonpath.ps1'
[12.698s] INFO:colcon.colcon_core.shell:Creating environment descriptor '/home/ssafy/Desktop/S14P11A401/rc_tracking/install/rc_detection/share/rc_detection/hook/pythonpath.dsv'
[12.699s] INFO:colcon.colcon_core.shell:Creating environment hook '/home/ssafy/Desktop/S14P11A401/rc_tracking/install/rc_detection/share/rc_detection/hook/pythonpath.sh'
[12.700s] Level 1:colcon.colcon_core.environment:checking '/home/ssafy/Desktop/S14P11A401/rc_tracking/install/rc_detection/bin'
[12.701s] INFO:colcon.colcon_core.shell:Creating package script '/home/ssafy/Desktop/S14P11A401/rc_tracking/install/rc_detection/share/rc_detection/package.ps1'
[12.703s] INFO:colcon.colcon_core.shell:Creating package descriptor '/home/ssafy/Desktop/S14P11A401/rc_tracking/install/rc_detection/share/rc_detection/package.dsv'
[12.705s] INFO:colcon.colcon_core.shell:Creating package script '/home/ssafy/Desktop/S14P11A401/rc_tracking/install/rc_detection/share/rc_detection/package.sh'
[12.720s] INFO:colcon.colcon_core.shell:Creating package script '/home/ssafy/Desktop/S14P11A401/rc_tracking/install/rc_detection/share/rc_detection/package.bash'
[12.725s] INFO:colcon.colcon_core.shell:Creating package script '/home/ssafy/Desktop/S14P11A401/rc_tracking/install/rc_detection/share/rc_detection/package.zsh'
[12.729s] Level 1:colcon.colcon_core.environment:create_file_with_runtime_dependencies(/home/ssafy/Desktop/S14P11A401/rc_tracking/install/rc_detection/share/colcon-core/packages/rc_detection)
[12.731s] Level 1:colcon.colcon_core.environment:create_environment_scripts_only(rc_detection)
[12.733s] Level 1:colcon.colcon_core.environment:checking '/home/ssafy/Desktop/S14P11A401/rc_tracking/install/rc_detection' for CMake module files
[12.735s] Level 1:colcon.colcon_core.environment:checking '/home/ssafy/Desktop/S14P11A401/rc_tracking/install/rc_detection' for CMake config files
[12.736s] Level 1:colcon.colcon_core.shell:create_environment_hook('rc_detection', 'cmake_prefix_path')
[12.737s] INFO:colcon.colcon_core.shell:Creating environment hook '/home/ssafy/Desktop/S14P11A401/rc_tracking/install/rc_detection/share/rc_detection/hook/cmake_prefix_path.ps1'
[12.738s] INFO:colcon.colcon_core.shell:Creating environment descriptor '/home/ssafy/Desktop/S14P11A401/rc_tracking/install/rc_detection/share/rc_detection/hook/cmake_prefix_path.dsv'
[12.739s] INFO:colcon.colcon_core.shell:Creating environment hook '/home/ssafy/Desktop/S14P11A401/rc_tracking/install/rc_detection/share/rc_detection/hook/cmake_prefix_path.sh'
[12.741s] Level 1:colcon.colcon_core.environment:checking '/home/ssafy/Desktop/S14P11A401/rc_tracking/install/rc_detection/lib'
[12.741s] Level 1:colcon.colcon_core.shell:create_environment_hook('rc_detection', 'ld_library_path_lib')
[12.742s] INFO:colcon.colcon_core.shell:Creating environment hook '/home/ssafy/Desktop/S14P11A401/rc_tracking/install/rc_detection/share/rc_detection/hook/ld_library_path_lib.ps1'
[12.743s] INFO:colcon.colcon_core.shell:Creating environment descriptor '/home/ssafy/Desktop/S14P11A401/rc_tracking/install/rc_detection/share/rc_detection/hook/ld_library_path_lib.dsv'
[12.744s] INFO:colcon.colcon_core.shell:Creating environment hook '/home/ssafy/Desktop/S14P11A401/rc_tracking/install/rc_detection/share/rc_detection/hook/ld_library_path_lib.sh'
[12.745s] Level 1:colcon.colcon_core.environment:checking '/home/ssafy/Desktop/S14P11A401/rc_tracking/install/rc_detection/bin'
[12.745s] Level 1:colcon.colcon_core.environment:checking '/home/ssafy/Desktop/S14P11A401/rc_tracking/install/rc_detection/lib/pkgconfig/rc_detection.pc'
[12.746s] Level 1:colcon.colcon_core.environment:checking '/home/ssafy/Desktop/S14P11A401/rc_tracking/install/rc_detection/lib/python3.10/site-packages'
[12.746s] Level 1:colcon.colcon_core.shell:create_environment_hook('rc_detection', 'pythonpath')
[12.747s] INFO:colcon.colcon_core.shell:Creating environment hook '/home/ssafy/Desktop/S14P11A401/rc_tracking/install/rc_detection/share/rc_detection/hook/pythonpath.ps1'
[12.748s] INFO:colcon.colcon_core.shell:Creating environment descriptor '/home/ssafy/Desktop/S14P11A401/rc_tracking/install/rc_detection/share/rc_detection/hook/pythonpath.dsv'
[12.752s] INFO:colcon.colcon_core.shell:Creating environment hook '/home/ssafy/Desktop/S14P11A401/rc_tracking/install/rc_detection/share/rc_detection/hook/pythonpath.sh'
[12.756s] Level 1:colcon.colcon_core.environment:checking '/home/ssafy/Desktop/S14P11A401/rc_tracking/install/rc_detection/bin'
[12.757s] INFO:colcon.colcon_core.shell:Creating package script '/home/ssafy/Desktop/S14P11A401/rc_tracking/install/rc_detection/share/rc_detection/package.ps1'
[12.759s] INFO:colcon.colcon_core.shell:Creating package descriptor '/home/ssafy/Desktop/S14P11A401/rc_tracking/install/rc_detection/share/rc_detection/package.dsv'
[12.761s] INFO:colcon.colcon_core.shell:Creating package script '/home/ssafy/Desktop/S14P11A401/rc_tracking/install/rc_detection/share/rc_detection/package.sh'
[12.762s] INFO:colcon.colcon_core.shell:Creating package script '/home/ssafy/Desktop/S14P11A401/rc_tracking/install/rc_detection/share/rc_detection/package.bash'
[12.763s] INFO:colcon.colcon_core.shell:Creating package script '/home/ssafy/Desktop/S14P11A401/rc_tracking/install/rc_detection/share/rc_detection/package.zsh'
[12.764s] Level 1:colcon.colcon_core.environment:create_file_with_runtime_dependencies(/home/ssafy/Desktop/S14P11A401/rc_tracking/install/rc_detection/share/colcon-core/packages/rc_detection)
[12.765s] DEBUG:colcon.colcon_parallel_executor.executor.parallel:closing loop
[12.773s] DEBUG:colcon.colcon_parallel_executor.executor.parallel:loop closed
[12.774s] DEBUG:colcon.colcon_parallel_executor.executor.parallel:run_until_complete finished with '0'
[12.774s] DEBUG:colcon.colcon_core.event_reactor:joining thread
[12.786s] INFO:colcon.colcon_core.plugin_system:Skipping extension 'colcon_notification.desktop_notification.terminal_notifier': Not used on non-Darwin systems
[12.787s] INFO:colcon.colcon_core.plugin_system:Skipping extension 'colcon_notification.desktop_notification.win32': Not used on non-Windows systems
[12.787s] INFO:colcon.colcon_notification.desktop_notification:Sending desktop notification using 'notify2'
[12.813s] DEBUG:colcon.colcon_notification.desktop_notification.notify2:Failed to initialize notify2: org.freedesktop.DBus.Error.Spawn.ChildExited: Process org.freedesktop.Notifications exited with status 1
[12.813s] DEBUG:colcon.colcon_core.event_reactor:joined thread
[12.814s] INFO:colcon.colcon_core.shell:Creating prefix script '/home/ssafy/Desktop/S14P11A401/rc_tracking/install/local_setup.ps1'
[12.816s] INFO:colcon.colcon_core.shell:Creating prefix util module '/home/ssafy/Desktop/S14P11A401/rc_tracking/install/_local_setup_util_ps1.py'
[12.820s] INFO:colcon.colcon_core.shell:Creating prefix chain script '/home/ssafy/Desktop/S14P11A401/rc_tracking/install/setup.ps1'
[12.823s] INFO:colcon.colcon_core.shell:Creating prefix script '/home/ssafy/Desktop/S14P11A401/rc_tracking/install/local_setup.sh'
[12.825s] INFO:colcon.colcon_core.shell:Creating prefix util module '/home/ssafy/Desktop/S14P11A401/rc_tracking/install/_local_setup_util_sh.py'
[12.826s] INFO:colcon.colcon_core.shell:Creating prefix chain script '/home/ssafy/Desktop/S14P11A401/rc_tracking/install/setup.sh'
[12.829s] INFO:colcon.colcon_core.shell:Creating prefix script '/home/ssafy/Desktop/S14P11A401/rc_tracking/install/local_setup.bash'
[12.830s] INFO:colcon.colcon_core.shell:Creating prefix chain script '/home/ssafy/Desktop/S14P11A401/rc_tracking/install/setup.bash'
[12.833s] INFO:colcon.colcon_core.shell:Creating prefix script '/home/ssafy/Desktop/S14P11A401/rc_tracking/install/local_setup.zsh'
[12.834s] INFO:colcon.colcon_core.shell:Creating prefix chain script '/home/ssafy/Desktop/S14P11A401/rc_tracking/install/setup.zsh'
