[0.599s] DEBUG:colcon:Command line arguments: ['/usr/bin/colcon', 'build', '--symlink-install']
[0.599s] DEBUG:colcon:Parsed command line arguments: Namespace(log_base=None, log_level=None, verb_name='build', build_base='build', install_base='install', merge_install=False, symlink_install=True, test_result_base=None, continue_on_error=False, executor='parallel', parallel_workers=6, event_handlers=None, ignore_user_meta=False, metas=['./colcon.meta'], base_paths=['.'], packages_ignore=None, packages_ignore_regex=None, paths=None, packages_up_to=None, packages_up_to_regex=None, packages_above=None, packages_above_and_dependencies=None, packages_above_depth=None, packages_select_by_dep=None, packages_skip_by_dep=None, packages_skip_up_to=None, packages_select_build_failed=False, packages_skip_build_finished=False, packages_select_test_failures=False, packages_skip_test_passed=False, packages_select=None, packages_skip=None, packages_select_regex=None, packages_skip_regex=None, packages_start=None, packages_end=None, allow_overriding=[], cmake_args=None, cmake_target=None, cmake_target_skip_unavailable=False, cmake_clean_cache=False, cmake_clean_first=False, cmake_force_configure=False, ament_cmake_args=None, catkin_cmake_args=None, catkin_skip_building_tests=False, verb_parser=<colcon_defaults.argument_parser.defaults.DefaultArgumentsDecorator object at 0xffffaa1dbb50>, verb_extension=<colcon_core.verb.build.BuildVerb object at 0xffffaa1db5b0>, main=<bound method BuildVerb.main of <colcon_core.verb.build.BuildVerb object at 0xffffaa1db5b0>>)
[1.091s] Level 1:colcon.colcon_core.package_discovery:discover_packages(colcon_meta) check parameters
[1.092s] Level 1:colcon.colcon_core.package_discovery:discover_packages(recursive) check parameters
[1.092s] Level 1:colcon.colcon_core.package_discovery:discover_packages(ignore) check parameters
[1.092s] Level 1:colcon.colcon_core.package_discovery:discover_packages(path) check parameters
[1.093s] Level 1:colcon.colcon_core.package_discovery:discover_packages(colcon_meta) discover
[1.093s] Level 1:colcon.colcon_core.package_discovery:discover_packages(recursive) discover
[1.093s] INFO:colcon.colcon_core.package_discovery:Crawling recursively for packages in '/home/ssafy/Desktop/S14P11A401/rc_tracking'
[1.093s] Level 1:colcon.colcon_core.package_identification:_identify(.) by extensions ['ignore', 'ignore_ament_install']
[1.094s] Level 1:colcon.colcon_core.package_identification:_identify(.) by extension 'ignore'
[1.094s] Level 1:colcon.colcon_core.package_identification:_identify(.) by extension 'ignore_ament_install'
[1.094s] Level 1:colcon.colcon_core.package_identification:_identify(.) by extensions ['colcon_pkg']
[1.094s] Level 1:colcon.colcon_core.package_identification:_identify(.) by extension 'colcon_pkg'
[1.094s] Level 1:colcon.colcon_core.package_identification:_identify(.) by extensions ['colcon_meta']
[1.094s] Level 1:colcon.colcon_core.package_identification:_identify(.) by extension 'colcon_meta'
[1.094s] Level 1:colcon.colcon_core.package_identification:_identify(.) by extensions ['ros']
[1.094s] Level 1:colcon.colcon_core.package_identification:_identify(.) by extension 'ros'
[1.136s] Level 1:colcon.colcon_core.package_identification:_identify(.) by extensions ['cmake', 'python']
[1.136s] Level 1:colcon.colcon_core.package_identification:_identify(.) by extension 'cmake'
[1.136s] Level 1:colcon.colcon_core.package_identification:_identify(.) by extension 'python'
[1.136s] Level 1:colcon.colcon_core.package_identification:_identify(.) by extensions ['python_setup_py']
[1.137s] Level 1:colcon.colcon_core.package_identification:_identify(.) by extension 'python_setup_py'
[1.137s] Level 1:colcon.colcon_core.package_identification:_identify(build) by extensions ['ignore', 'ignore_ament_install']
[1.137s] Level 1:colcon.colcon_core.package_identification:_identify(build) by extension 'ignore'
[1.137s] Level 1:colcon.colcon_core.package_identification:_identify(build) ignored
[1.138s] Level 1:colcon.colcon_core.package_identification:_identify(install) by extensions ['ignore', 'ignore_ament_install']
[1.138s] Level 1:colcon.colcon_core.package_identification:_identify(install) by extension 'ignore'
[1.138s] Level 1:colcon.colcon_core.package_identification:_identify(install) ignored
[1.138s] Level 1:colcon.colcon_core.package_identification:_identify(kinam) by extensions ['ignore', 'ignore_ament_install']
[1.139s] Level 1:colcon.colcon_core.package_identification:_identify(kinam) by extension 'ignore'
[1.139s] Level 1:colcon.colcon_core.package_identification:_identify(kinam) by extension 'ignore_ament_install'
[1.139s] Level 1:colcon.colcon_core.package_identification:_identify(kinam) by extensions ['colcon_pkg']
[1.139s] Level 1:colcon.colcon_core.package_identification:_identify(kinam) by extension 'colcon_pkg'
[1.139s] Level 1:colcon.colcon_core.package_identification:_identify(kinam) by extensions ['colcon_meta']
[1.139s] Level 1:colcon.colcon_core.package_identification:_identify(kinam) by extension 'colcon_meta'
[1.139s] Level 1:colcon.colcon_core.package_identification:_identify(kinam) by extensions ['ros']
[1.140s] Level 1:colcon.colcon_core.package_identification:_identify(kinam) by extension 'ros'
[1.140s] Level 1:colcon.colcon_core.package_identification:_identify(kinam) by extensions ['cmake', 'python']
[1.140s] Level 1:colcon.colcon_core.package_identification:_identify(kinam) by extension 'cmake'
[1.140s] Level 1:colcon.colcon_core.package_identification:_identify(kinam) by extension 'python'
[1.140s] Level 1:colcon.colcon_core.package_identification:_identify(kinam) by extensions ['python_setup_py']
[1.140s] Level 1:colcon.colcon_core.package_identification:_identify(kinam) by extension 'python_setup_py'
[1.141s] Level 1:colcon.colcon_core.package_identification:_identify(log) by extensions ['ignore', 'ignore_ament_install']
[1.141s] Level 1:colcon.colcon_core.package_identification:_identify(log) by extension 'ignore'
[1.141s] Level 1:colcon.colcon_core.package_identification:_identify(log) ignored
[1.141s] Level 1:colcon.colcon_core.package_identification:_identify(src) by extensions ['ignore', 'ignore_ament_install']
[1.141s] Level 1:colcon.colcon_core.package_identification:_identify(src) by extension 'ignore'
[1.141s] Level 1:colcon.colcon_core.package_identification:_identify(src) by extension 'ignore_ament_install'
[1.142s] Level 1:colcon.colcon_core.package_identification:_identify(src) by extensions ['colcon_pkg']
[1.142s] Level 1:colcon.colcon_core.package_identification:_identify(src) by extension 'colcon_pkg'
[1.142s] Level 1:colcon.colcon_core.package_identification:_identify(src) by extensions ['colcon_meta']
[1.142s] Level 1:colcon.colcon_core.package_identification:_identify(src) by extension 'colcon_meta'
[1.142s] Level 1:colcon.colcon_core.package_identification:_identify(src) by extensions ['ros']
[1.142s] Level 1:colcon.colcon_core.package_identification:_identify(src) by extension 'ros'
[1.142s] Level 1:colcon.colcon_core.package_identification:_identify(src) by extensions ['cmake', 'python']
[1.142s] Level 1:colcon.colcon_core.package_identification:_identify(src) by extension 'cmake'
[1.143s] Level 1:colcon.colcon_core.package_identification:_identify(src) by extension 'python'
[1.143s] Level 1:colcon.colcon_core.package_identification:_identify(src) by extensions ['python_setup_py']
[1.143s] Level 1:colcon.colcon_core.package_identification:_identify(src) by extension 'python_setup_py'
[1.143s] Level 1:colcon.colcon_core.package_identification:_identify(src/rc_detection) by extensions ['ignore', 'ignore_ament_install']
[1.143s] Level 1:colcon.colcon_core.package_identification:_identify(src/rc_detection) by extension 'ignore'
[1.143s] Level 1:colcon.colcon_core.package_identification:_identify(src/rc_detection) by extension 'ignore_ament_install'
[1.143s] Level 1:colcon.colcon_core.package_identification:_identify(src/rc_detection) by extensions ['colcon_pkg']
[1.144s] Level 1:colcon.colcon_core.package_identification:_identify(src/rc_detection) by extension 'colcon_pkg'
[1.144s] Level 1:colcon.colcon_core.package_identification:_identify(src/rc_detection) by extensions ['colcon_meta']
[1.144s] Level 1:colcon.colcon_core.package_identification:_identify(src/rc_detection) by extension 'colcon_meta'
[1.144s] Level 1:colcon.colcon_core.package_identification:_identify(src/rc_detection) by extensions ['ros']
[1.144s] Level 1:colcon.colcon_core.package_identification:_identify(src/rc_detection) by extension 'ros'
[1.154s] DEBUG:colcon.colcon_core.package_identification:Package 'src/rc_detection' with type 'ros.ament_cmake' and name 'rc_detection'
[1.154s] Level 1:colcon.colcon_core.package_discovery:discover_packages(recursive) using defaults
[1.154s] Level 1:colcon.colcon_core.package_discovery:discover_packages(ignore) discover
[1.154s] Level 1:colcon.colcon_core.package_discovery:discover_packages(ignore) using defaults
[1.155s] Level 1:colcon.colcon_core.package_discovery:discover_packages(path) discover
[1.155s] Level 1:colcon.colcon_core.package_discovery:discover_packages(path) using defaults
[1.213s] Level 1:colcon.colcon_core.package_discovery:discover_packages(prefix_path) check parameters
[1.214s] Level 1:colcon.colcon_core.package_discovery:discover_packages(prefix_path) discover
[1.226s] DEBUG:colcon.colcon_installed_package_information.package_discovery:Found 272 installed packages in /opt/ros/humble
[1.232s] Level 1:colcon.colcon_core.package_discovery:discover_packages(prefix_path) using defaults
[1.477s] Level 5:colcon.colcon_core.verb:set package 'rc_detection' build argument 'cmake_args' from command line to 'None'
[1.478s] Level 5:colcon.colcon_core.verb:set package 'rc_detection' build argument 'cmake_target' from command line to 'None'
[1.478s] Level 5:colcon.colcon_core.verb:set package 'rc_detection' build argument 'cmake_target_skip_unavailable' from command line to 'False'
[1.478s] Level 5:colcon.colcon_core.verb:set package 'rc_detection' build argument 'cmake_clean_cache' from command line to 'False'
[1.478s] Level 5:colcon.colcon_core.verb:set package 'rc_detection' build argument 'cmake_clean_first' from command line to 'False'
[1.478s] Level 5:colcon.colcon_core.verb:set package 'rc_detection' build argument 'cmake_force_configure' from command line to 'False'
[1.478s] Level 5:colcon.colcon_core.verb:set package 'rc_detection' build argument 'ament_cmake_args' from command line to 'None'
[1.478s] Level 5:colcon.colcon_core.verb:set package 'rc_detection' build argument 'catkin_cmake_args' from command line to 'None'
[1.478s] Level 5:colcon.colcon_core.verb:set package 'rc_detection' build argument 'catkin_skip_building_tests' from command line to 'False'
[1.478s] DEBUG:colcon.colcon_core.verb:Building package 'rc_detection' with the following arguments: {'ament_cmake_args': None, 'build_base': '/home/ssafy/Desktop/S14P11A401/rc_tracking/build/rc_detection', 'catkin_cmake_args': None, 'catkin_skip_building_tests': False, 'cmake_args': None, 'cmake_clean_cache': False, 'cmake_clean_first': False, 'cmake_force_configure': False, 'cmake_target': None, 'cmake_target_skip_unavailable': False, 'install_base': '/home/ssafy/Desktop/S14P11A401/rc_tracking/install/rc_detection', 'merge_install': False, 'path': '/home/ssafy/Desktop/S14P11A401/rc_tracking/src/rc_detection', 'symlink_install': True, 'test_result_base': None}
[1.479s] INFO:colcon.colcon_core.executor:Executing jobs using 'parallel' executor
[1.483s] DEBUG:colcon.colcon_parallel_executor.executor.parallel:run_until_complete
[1.483s] INFO:colcon.colcon_ros.task.ament_cmake.build:Building ROS package in '/home/ssafy/Desktop/S14P11A401/rc_tracking/src/rc_detection' with build type 'ament_cmake'
[1.484s] INFO:colcon.colcon_cmake.task.cmake.build:Building CMake package in '/home/ssafy/Desktop/S14P11A401/rc_tracking/src/rc_detection'
[1.489s] INFO:colcon.colcon_core.plugin_system:Skipping extension 'colcon_core.shell.bat': Not used on non-Windows systems
[1.490s] INFO:colcon.colcon_core.shell:Skip shell extension 'powershell' for command environment: Not usable outside of PowerShell
[1.490s] DEBUG:colcon.colcon_core.shell:Skip shell extension 'dsv' for command environment
[1.517s] DEBUG:colcon.colcon_core.event_handler.log_command:Invoking command in '/home/ssafy/Desktop/S14P11A401/rc_tracking/build/rc_detection': CMAKE_PREFIX_PATH=/opt/ros/humble CONDA_PROMPT_MODIFIER=(rc_car) /usr/bin/cmake /home/ssafy/Desktop/S14P11A401/rc_tracking/src/rc_detection -DAMENT_CMAKE_SYMLINK_INSTALL=1 -DCMAKE_INSTALL_PREFIX=/home/ssafy/Desktop/S14P11A401/rc_tracking/install/rc_detection
[6.355s] DEBUG:colcon.colcon_core.event_handler.log_command:Invoked command in '/home/ssafy/Desktop/S14P11A401/rc_tracking/build/rc_detection' returned '0': CMAKE_PREFIX_PATH=/opt/ros/humble CONDA_PROMPT_MODIFIER=(rc_car) /usr/bin/cmake /home/ssafy/Desktop/S14P11A401/rc_tracking/src/rc_detection -DAMENT_CMAKE_SYMLINK_INSTALL=1 -DCMAKE_INSTALL_PREFIX=/home/ssafy/Desktop/S14P11A401/rc_tracking/install/rc_detection
[6.363s] DEBUG:colcon.colcon_core.event_handler.log_command:Invoking command in '/home/ssafy/Desktop/S14P11A401/rc_tracking/build/rc_detection': CMAKE_PREFIX_PATH=/opt/ros/humble CONDA_PROMPT_MODIFIER=(rc_car) /usr/bin/cmake --build /home/ssafy/Desktop/S14P11A401/rc_tracking/build/rc_detection -- -j6 -l6
[6.533s] DEBUG:colcon.colcon_core.event_handler.log_command:Invoked command in '/home/ssafy/Desktop/S14P11A401/rc_tracking/build/rc_detection' returned '2': CMAKE_PREFIX_PATH=/opt/ros/humble CONDA_PROMPT_MODIFIER=(rc_car) /usr/bin/cmake --build /home/ssafy/Desktop/S14P11A401/rc_tracking/build/rc_detection -- -j6 -l6
[6.535s] Level 1:colcon.colcon_core.environment:create_environment_scripts_only(rc_detection)
[6.548s] Level 1:colcon.colcon_core.environment:checking '/home/ssafy/Desktop/S14P11A401/rc_tracking/install/rc_detection' for CMake module files
[6.552s] Level 1:colcon.colcon_core.environment:checking '/home/ssafy/Desktop/S14P11A401/rc_tracking/install/rc_detection' for CMake config files
[6.555s] Level 1:colcon.colcon_core.shell:create_environment_hook('rc_detection', 'cmake_prefix_path')
[6.556s] INFO:colcon.colcon_core.shell:Creating environment hook '/home/ssafy/Desktop/S14P11A401/rc_tracking/install/rc_detection/share/rc_detection/hook/cmake_prefix_path.ps1'
[6.561s] INFO:colcon.colcon_core.shell:Creating environment descriptor '/home/ssafy/Desktop/S14P11A401/rc_tracking/install/rc_detection/share/rc_detection/hook/cmake_prefix_path.dsv'
[6.564s] INFO:colcon.colcon_core.shell:Creating environment hook '/home/ssafy/Desktop/S14P11A401/rc_tracking/install/rc_detection/share/rc_detection/hook/cmake_prefix_path.sh'
[6.570s] Level 1:colcon.colcon_core.environment:checking '/home/ssafy/Desktop/S14P11A401/rc_tracking/install/rc_detection/lib'
[6.571s] Level 1:colcon.colcon_core.shell:create_environment_hook('rc_detection', 'ld_library_path_lib')
[6.573s] INFO:colcon.colcon_core.shell:Creating environment hook '/home/ssafy/Desktop/S14P11A401/rc_tracking/install/rc_detection/share/rc_detection/hook/ld_library_path_lib.ps1'
[6.575s] INFO:colcon.colcon_core.shell:Creating environment descriptor '/home/ssafy/Desktop/S14P11A401/rc_tracking/install/rc_detection/share/rc_detection/hook/ld_library_path_lib.dsv'
[6.577s] INFO:colcon.colcon_core.shell:Creating environment hook '/home/ssafy/Desktop/S14P11A401/rc_tracking/install/rc_detection/share/rc_detection/hook/ld_library_path_lib.sh'
[6.578s] Level 1:colcon.colcon_core.environment:checking '/home/ssafy/Desktop/S14P11A401/rc_tracking/install/rc_detection/bin'
[6.579s] Level 1:colcon.colcon_core.environment:checking '/home/ssafy/Desktop/S14P11A401/rc_tracking/install/rc_detection/lib/pkgconfig/rc_detection.pc'
[6.580s] Level 1:colcon.colcon_core.environment:checking '/home/ssafy/Desktop/S14P11A401/rc_tracking/install/rc_detection/lib/python3.10/site-packages'
[6.581s] Level 1:colcon.colcon_core.shell:create_environment_hook('rc_detection', 'pythonpath')
[6.582s] INFO:colcon.colcon_core.shell:Creating environment hook '/home/ssafy/Desktop/S14P11A401/rc_tracking/install/rc_detection/share/rc_detection/hook/pythonpath.ps1'
[6.583s] INFO:colcon.colcon_core.shell:Creating environment descriptor '/home/ssafy/Desktop/S14P11A401/rc_tracking/install/rc_detection/share/rc_detection/hook/pythonpath.dsv'
[6.585s] INFO:colcon.colcon_core.shell:Creating environment hook '/home/ssafy/Desktop/S14P11A401/rc_tracking/install/rc_detection/share/rc_detection/hook/pythonpath.sh'
[6.588s] Level 1:colcon.colcon_core.environment:checking '/home/ssafy/Desktop/S14P11A401/rc_tracking/install/rc_detection/bin'
[6.589s] INFO:colcon.colcon_core.shell:Creating package script '/home/ssafy/Desktop/S14P11A401/rc_tracking/install/rc_detection/share/rc_detection/package.ps1'
[6.593s] INFO:colcon.colcon_core.shell:Creating package descriptor '/home/ssafy/Desktop/S14P11A401/rc_tracking/install/rc_detection/share/rc_detection/package.dsv'
[6.595s] INFO:colcon.colcon_core.shell:Creating package script '/home/ssafy/Desktop/S14P11A401/rc_tracking/install/rc_detection/share/rc_detection/package.sh'
[6.598s] INFO:colcon.colcon_core.shell:Creating package script '/home/ssafy/Desktop/S14P11A401/rc_tracking/install/rc_detection/share/rc_detection/package.bash'
[6.601s] INFO:colcon.colcon_core.shell:Creating package script '/home/ssafy/Desktop/S14P11A401/rc_tracking/install/rc_detection/share/rc_detection/package.zsh'
[6.603s] Level 1:colcon.colcon_core.environment:create_file_with_runtime_dependencies(/home/ssafy/Desktop/S14P11A401/rc_tracking/install/rc_detection/share/colcon-core/packages/rc_detection)
[6.615s] DEBUG:colcon.colcon_parallel_executor.executor.parallel:closing loop
[6.616s] DEBUG:colcon.colcon_parallel_executor.executor.parallel:loop closed
[6.617s] DEBUG:colcon.colcon_parallel_executor.executor.parallel:run_until_complete finished with '2'
[6.617s] DEBUG:colcon.colcon_core.event_reactor:joining thread
[6.641s] INFO:colcon.colcon_core.plugin_system:Skipping extension 'colcon_notification.desktop_notification.terminal_notifier': Not used on non-Darwin systems
[6.641s] INFO:colcon.colcon_core.plugin_system:Skipping extension 'colcon_notification.desktop_notification.win32': Not used on non-Windows systems
[6.642s] INFO:colcon.colcon_notification.desktop_notification:Sending desktop notification using 'notify2'
[6.844s] DEBUG:colcon.colcon_notification.desktop_notification.notify2:Failed to initialize notify2: org.freedesktop.DBus.Error.Spawn.ChildExited: Process org.freedesktop.Notifications exited with status 1
[6.845s] DEBUG:colcon.colcon_core.event_reactor:joined thread
[6.846s] INFO:colcon.colcon_core.shell:Creating prefix script '/home/ssafy/Desktop/S14P11A401/rc_tracking/install/local_setup.ps1'
[6.850s] INFO:colcon.colcon_core.shell:Creating prefix util module '/home/ssafy/Desktop/S14P11A401/rc_tracking/install/_local_setup_util_ps1.py'
[6.854s] INFO:colcon.colcon_core.shell:Creating prefix chain script '/home/ssafy/Desktop/S14P11A401/rc_tracking/install/setup.ps1'
[6.860s] INFO:colcon.colcon_core.shell:Creating prefix script '/home/ssafy/Desktop/S14P11A401/rc_tracking/install/local_setup.sh'
[6.865s] INFO:colcon.colcon_core.shell:Creating prefix util module '/home/ssafy/Desktop/S14P11A401/rc_tracking/install/_local_setup_util_sh.py'
[6.868s] INFO:colcon.colcon_core.shell:Creating prefix chain script '/home/ssafy/Desktop/S14P11A401/rc_tracking/install/setup.sh'
[6.872s] INFO:colcon.colcon_core.shell:Creating prefix script '/home/ssafy/Desktop/S14P11A401/rc_tracking/install/local_setup.bash'
[6.874s] INFO:colcon.colcon_core.shell:Creating prefix chain script '/home/ssafy/Desktop/S14P11A401/rc_tracking/install/setup.bash'
[6.878s] INFO:colcon.colcon_core.shell:Creating prefix script '/home/ssafy/Desktop/S14P11A401/rc_tracking/install/local_setup.zsh'
[6.879s] INFO:colcon.colcon_core.shell:Creating prefix chain script '/home/ssafy/Desktop/S14P11A401/rc_tracking/install/setup.zsh'
