-- Found ament_cmake: 1.3.12 (/opt/ros/humble/share/ament_cmake/cmake)
-- Found rosidl_default_generators: 1.2.0 (/opt/ros/humble/share/rosidl_default_generators/cmake)
-- Using all available rosidl_typesupport_c: rosidl_typesupport_fastrtps_c;rosidl_typesupport_introspection_c
-- Found rosidl_adapter: 3.1.8 (/opt/ros/humble/share/rosidl_adapter/cmake)
-- Using all available rosidl_typesupport_cpp: rosidl_typesupport_fastrtps_cpp;rosidl_typesupport_introspection_cpp
-- Found std_msgs: 4.9.0 (/opt/ros/humble/share/std_msgs/cmake)
-- Found sensor_msgs: 4.9.0 (/opt/ros/humble/share/sensor_msgs/cmake)
-- Found ament_cmake_ros: 0.10.0 (/opt/ros/humble/share/ament_cmake_ros/cmake)
-- Using all available rosidl_typesupport_c: rosidl_typesupport_fastrtps_c;rosidl_typesupport_introspection_c
-- Using all available rosidl_typesupport_cpp: rosidl_typesupport_fastrtps_cpp;rosidl_typesupport_introspection_cpp
-- Found PythonInterp: /home/ssafy/miniforge3/envs/rc_car/bin/python3 (found suitable version "3.10.19", minimum required is "3.6") 
-- Found python_cmake_module: 0.10.0 (/opt/ros/humble/share/python_cmake_module/cmake)
-- Found PythonLibs: /home/ssafy/miniforge3/envs/rc_car/lib/libpython3.10.so (found suitable version "3.10.19", minimum required is "3.5") 
-- Using PYTHON_EXECUTABLE: /home/ssafy/miniforge3/envs/rc_car/bin/python3
-- Using PYTHON_INCLUDE_DIRS: /home/ssafy/miniforge3/envs/rc_car/include/python3.10
-- Using PYTHON_LIBRARIES: /home/ssafy/miniforge3/envs/rc_car/lib/libpython3.10.so
-- Found PythonExtra: .so  
-- Using numpy include directory: /home/ssafy/miniforge3/envs/rc_car/lib/python3.10/site-packages/numpy/core/include
-- Configuring done
CMake Warning at /opt/ros/humble/share/rosidl_generator_py/cmake/rosidl_generator_py_generate_interfaces.cmake:166 (add_library):
  Cannot generate a safe runtime search path for target
  rc_detection__rosidl_generator_py because files in some directories may
  conflict with libraries in implicit directories:

    runtime library [libpython3.10.so.1.0] in /usr/lib/aarch64-linux-gnu may be hidden by files in:
      /home/ssafy/miniforge3/envs/rc_car/lib

  Some of these libraries may not be found correctly.
Call Stack (most recent call first):
  /opt/ros/humble/share/ament_cmake_core/cmake/core/ament_execute_extensions.cmake:48 (include)
  /opt/ros/humble/share/rosidl_cmake/cmake/rosidl_generate_interfaces.cmake:286 (ament_execute_extensions)
  CMakeLists.txt:17 (rosidl_generate_interfaces)


CMake Warning at /opt/ros/humble/share/rosidl_generator_py/cmake/rosidl_generator_py_generate_interfaces.cmake:226 (add_library):
  Cannot generate a safe runtime search path for target
  rc_detection__rosidl_typesupport_fastrtps_c__pyext because files in some
  directories may conflict with libraries in implicit directories:

    runtime library [libpython3.10.so.1.0] in /usr/lib/aarch64-linux-gnu may be hidden by files in:
      /home/ssafy/miniforge3/envs/rc_car/lib

  Some of these libraries may not be found correctly.
Call Stack (most recent call first):
  /opt/ros/humble/share/ament_cmake_core/cmake/core/ament_execute_extensions.cmake:48 (include)
  /opt/ros/humble/share/rosidl_cmake/cmake/rosidl_generate_interfaces.cmake:286 (ament_execute_extensions)
  CMakeLists.txt:17 (rosidl_generate_interfaces)


CMake Warning at /opt/ros/humble/share/rosidl_generator_py/cmake/rosidl_generator_py_generate_interfaces.cmake:226 (add_library):
  Cannot generate a safe runtime search path for target
  rc_detection__rosidl_typesupport_introspection_c__pyext because files in
  some directories may conflict with libraries in implicit directories:

    runtime library [libpython3.10.so.1.0] in /usr/lib/aarch64-linux-gnu may be hidden by files in:
      /home/ssafy/miniforge3/envs/rc_car/lib

  Some of these libraries may not be found correctly.
Call Stack (most recent call first):
  /opt/ros/humble/share/ament_cmake_core/cmake/core/ament_execute_extensions.cmake:48 (include)
  /opt/ros/humble/share/rosidl_cmake/cmake/rosidl_generate_interfaces.cmake:286 (ament_execute_extensions)
  CMakeLists.txt:17 (rosidl_generate_interfaces)


CMake Warning at /opt/ros/humble/share/rosidl_generator_py/cmake/rosidl_generator_py_generate_interfaces.cmake:226 (add_library):
  Cannot generate a safe runtime search path for target
  rc_detection__rosidl_typesupport_c__pyext because files in some directories
  may conflict with libraries in implicit directories:

    runtime library [libpython3.10.so.1.0] in /usr/lib/aarch64-linux-gnu may be hidden by files in:
      /home/ssafy/miniforge3/envs/rc_car/lib

  Some of these libraries may not be found correctly.
Call Stack (most recent call first):
  /opt/ros/humble/share/ament_cmake_core/cmake/core/ament_execute_extensions.cmake:48 (include)
  /opt/ros/humble/share/rosidl_cmake/cmake/rosidl_generate_interfaces.cmake:286 (ament_execute_extensions)
  CMakeLists.txt:17 (rosidl_generate_interfaces)


-- Generating done
-- Build files have been written to: /home/ssafy/Desktop/S14P11A401/rc_tracking/build/rc_detection
[  2%] Generating C code for ROS interfaces
[  5%] Generating C++ code for ROS interfaces
[  5%] Built target ament_cmake_python_copy_rc_detection
running egg_info
creating rc_detection.egg-info
writing rc_detection.egg-info/PKG-INFO
writing dependency_links to rc_detection.egg-info/dependency_links.txt
writing top-level names to rc_detection.egg-info/top_level.txt
writing manifest file 'rc_detection.egg-info/SOURCES.txt'
reading manifest file 'rc_detection.egg-info/SOURCES.txt'
writing manifest file 'rc_detection.egg-info/SOURCES.txt'
[  7%] Building C object CMakeFiles/rc_detection__rosidl_generator_c.dir/rosidl_generator_c/rc_detection/msg/detail/detection__functions.c.o
[ 10%] Building C object CMakeFiles/rc_detection__rosidl_generator_c.dir/rosidl_generator_c/rc_detection/msg/detail/detection_array__functions.c.o
[ 10%] Built target ament_cmake_python_build_rc_detection_egg
[ 10%] Built target rc_detection__cpp
[ 12%] Linking C shared library librc_detection__rosidl_generator_c.so
[ 17%] Generating C++ type support for eProsima Fast-RTPS
[ 17%] Generating C++ introspection for ROS interfaces
[ 20%] Generating C++ type support dispatch for ROS interfaces
[ 20%] Built target rc_detection__rosidl_generator_c
[ 23%] Generating C type support for eProsima Fast-RTPS
[ 25%] Generating C introspection for ROS interfaces
[ 28%] Generating C type support dispatch for ROS interfaces
[ 30%] Building CXX object CMakeFiles/rc_detection__rosidl_typesupport_introspection_cpp.dir/rosidl_typesupport_introspection_cpp/rc_detection/msg/detail/detection__type_support.cpp.o
[ 33%] Building CXX object CMakeFiles/rc_detection__rosidl_typesupport_c.dir/rosidl_typesupport_c/rc_detection/msg/detection__type_support.cpp.o
[ 35%] Building CXX object CMakeFiles/rc_detection__rosidl_typesupport_fastrtps_c.dir/rosidl_typesupport_fastrtps_c/rc_detection/msg/detail/detection__type_support_c.cpp.o
[ 38%] Building CXX object CMakeFiles/rc_detection__rosidl_typesupport_cpp.dir/rosidl_typesupport_cpp/rc_detection/msg/detection__type_support.cpp.o
[ 41%] Building CXX object CMakeFiles/rc_detection__rosidl_typesupport_fastrtps_cpp.dir/rosidl_typesupport_fastrtps_cpp/rc_detection/msg/detail/dds_fastrtps/detection__type_support.cpp.o
[ 43%] Building CXX object CMakeFiles/rc_detection__rosidl_typesupport_c.dir/rosidl_typesupport_c/rc_detection/msg/detection_array__type_support.cpp.o
[ 46%] Linking CXX shared library librc_detection__rosidl_typesupport_c.so
[ 48%] Building C object CMakeFiles/rc_detection__rosidl_typesupport_introspection_c.dir/rosidl_typesupport_introspection_c/rc_detection/msg/detail/detection__type_support.c.o
[ 48%] Built target rc_detection__rosidl_typesupport_c
[ 51%] Building C object CMakeFiles/rc_detection__rosidl_typesupport_introspection_c.dir/rosidl_typesupport_introspection_c/rc_detection/msg/detail/detection_array__type_support.c.o
[ 53%] Building CXX object CMakeFiles/rc_detection__rosidl_typesupport_introspection_cpp.dir/rosidl_typesupport_introspection_cpp/rc_detection/msg/detail/detection_array__type_support.cpp.o
[ 56%] Linking C shared library librc_detection__rosidl_typesupport_introspection_c.so
[ 58%] Building CXX object CMakeFiles/rc_detection__rosidl_typesupport_cpp.dir/rosidl_typesupport_cpp/rc_detection/msg/detection_array__type_support.cpp.o
[ 61%] Building CXX object CMakeFiles/rc_detection__rosidl_typesupport_fastrtps_c.dir/rosidl_typesupport_fastrtps_c/rc_detection/msg/detail/detection_array__type_support_c.cpp.o
[ 61%] Built target rc_detection__rosidl_typesupport_introspection_c
[ 64%] Building CXX object CMakeFiles/rc_detection__rosidl_typesupport_fastrtps_cpp.dir/rosidl_typesupport_fastrtps_cpp/rc_detection/msg/detail/dds_fastrtps/detection_array__type_support.cpp.o
[ 66%] Linking CXX shared library librc_detection__rosidl_typesupport_cpp.so
[ 69%] Linking CXX shared library librc_detection__rosidl_typesupport_fastrtps_c.so
[ 71%] Linking CXX shared library librc_detection__rosidl_typesupport_introspection_cpp.so
[ 71%] Built target rc_detection__rosidl_typesupport_cpp
[ 71%] Built target rc_detection__rosidl_typesupport_fastrtps_c
[ 71%] Built target rc_detection__rosidl_typesupport_introspection_cpp
[ 74%] Linking CXX shared library librc_detection__rosidl_typesupport_fastrtps_cpp.so
[ 74%] Built target rc_detection__rosidl_typesupport_fastrtps_cpp
[ 74%] Built target rc_detection
[ 76%] Generating Python code for ROS interfaces
[ 76%] Built target rc_detection__py
[ 79%] Building C object CMakeFiles/rc_detection__rosidl_generator_py.dir/rosidl_generator_py/rc_detection/msg/_detection_s.c.o
[ 82%] Building C object CMakeFiles/rc_detection__rosidl_generator_py.dir/rosidl_generator_py/rc_detection/msg/_detection_array_s.c.o
[ 84%] Linking C shared library rosidl_generator_py/rc_detection/librc_detection__rosidl_generator_py.so
[ 84%] Built target rc_detection__rosidl_generator_py
[ 87%] Building C object CMakeFiles/rc_detection__rosidl_typesupport_fastrtps_c__pyext.dir/rosidl_generator_py/rc_detection/_rc_detection_s.ep.rosidl_typesupport_fastrtps_c.c.o
[ 89%] Building C object CMakeFiles/rc_detection__rosidl_typesupport_c__pyext.dir/rosidl_generator_py/rc_detection/_rc_detection_s.ep.rosidl_typesupport_c.c.o
[ 92%] Building C object CMakeFiles/rc_detection__rosidl_typesupport_introspection_c__pyext.dir/rosidl_generator_py/rc_detection/_rc_detection_s.ep.rosidl_typesupport_introspection_c.c.o
[ 94%] Linking C shared library rosidl_generator_py/rc_detection/rc_detection_s__rosidl_typesupport_fastrtps_c.cpython-310-aarch64-linux-gnu.so
[ 97%] Linking C shared library rosidl_generator_py/rc_detection/rc_detection_s__rosidl_typesupport_c.cpython-310-aarch64-linux-gnu.so
[100%] Linking C shared library rosidl_generator_py/rc_detection/rc_detection_s__rosidl_typesupport_introspection_c.cpython-310-aarch64-linux-gnu.so
[100%] Built target rc_detection__rosidl_typesupport_fastrtps_c__pyext
[100%] Built target rc_detection__rosidl_typesupport_introspection_c__pyext
[100%] Built target rc_detection__rosidl_typesupport_c__pyext
-- Install configuration: ""
-- Installing: /home/ssafy/Desktop/S14P11A401/rc_tracking/install/rc_detection/share/ament_index/resource_index/rosidl_interfaces/rc_detection
-- Installing: /home/ssafy/Desktop/S14P11A401/rc_tracking/install/rc_detection/include/rc_detection/rc_detection
-- Installing: /home/ssafy/Desktop/S14P11A401/rc_tracking/install/rc_detection/include/rc_detection/rc_detection/msg
-- Installing: /home/ssafy/Desktop/S14P11A401/rc_tracking/install/rc_detection/include/rc_detection/rc_detection/msg/detection_array.h
-- Installing: /home/ssafy/Desktop/S14P11A401/rc_tracking/install/rc_detection/include/rc_detection/rc_detection/msg/rosidl_generator_c__visibility_control.h
-- Installing: /home/ssafy/Desktop/S14P11A401/rc_tracking/install/rc_detection/include/rc_detection/rc_detection/msg/detection.h
-- Installing: /home/ssafy/Desktop/S14P11A401/rc_tracking/install/rc_detection/include/rc_detection/rc_detection/msg/detail
-- Installing: /home/ssafy/Desktop/S14P11A401/rc_tracking/install/rc_detection/include/rc_detection/rc_detection/msg/detail/detection__type_support.h
-- Installing: /home/ssafy/Desktop/S14P11A401/rc_tracking/install/rc_detection/include/rc_detection/rc_detection/msg/detail/detection_array__functions.h
-- Installing: /home/ssafy/Desktop/S14P11A401/rc_tracking/install/rc_detection/include/rc_detection/rc_detection/msg/detail/detection_array__type_support.h
-- Installing: /home/ssafy/Desktop/S14P11A401/rc_tracking/install/rc_detection/include/rc_detection/rc_detection/msg/detail/detection__functions.c
-- Installing: /home/ssafy/Desktop/S14P11A401/rc_tracking/install/rc_detection/include/rc_detection/rc_detection/msg/detail/detection_array__functions.c
-- Installing: /home/ssafy/Desktop/S14P11A401/rc_tracking/install/rc_detection/include/rc_detection/rc_detection/msg/detail/detection__functions.h
-- Installing: /home/ssafy/Desktop/S14P11A401/rc_tracking/install/rc_detection/include/rc_detection/rc_detection/msg/detail/detection__struct.h
-- Installing: /home/ssafy/Desktop/S14P11A401/rc_tracking/install/rc_detection/include/rc_detection/rc_detection/msg/detail/detection_array__struct.h
-- Installing: /home/ssafy/Desktop/S14P11A401/rc_tracking/install/rc_detection/share/rc_detection/environment/library_path.sh
-- Installing: /home/ssafy/Desktop/S14P11A401/rc_tracking/install/rc_detection/share/rc_detection/environment/library_path.dsv
-- Installing: /home/ssafy/Desktop/S14P11A401/rc_tracking/install/rc_detection/lib/librc_detection__rosidl_generator_c.so
-- Set runtime path of "/home/ssafy/Desktop/S14P11A401/rc_tracking/install/rc_detection/lib/librc_detection__rosidl_generator_c.so" to ""
-- Up-to-date: /home/ssafy/Desktop/S14P11A401/rc_tracking/install/rc_detection/include/rc_detection/rc_detection
-- Up-to-date: /home/ssafy/Desktop/S14P11A401/rc_tracking/install/rc_detection/include/rc_detection/rc_detection/msg
-- Installing: /home/ssafy/Desktop/S14P11A401/rc_tracking/install/rc_detection/include/rc_detection/rc_detection/msg/rosidl_typesupport_fastrtps_c__visibility_control.h
-- Up-to-date: /home/ssafy/Desktop/S14P11A401/rc_tracking/install/rc_detection/include/rc_detection/rc_detection/msg/detail
-- Installing: /home/ssafy/Desktop/S14P11A401/rc_tracking/install/rc_detection/include/rc_detection/rc_detection/msg/detail/detection_array__rosidl_typesupport_fastrtps_c.h
-- Installing: /home/ssafy/Desktop/S14P11A401/rc_tracking/install/rc_detection/include/rc_detection/rc_detection/msg/detail/detection__rosidl_typesupport_fastrtps_c.h
-- Installing: /home/ssafy/Desktop/S14P11A401/rc_tracking/install/rc_detection/lib/librc_detection__rosidl_typesupport_fastrtps_c.so
-- Set runtime path of "/home/ssafy/Desktop/S14P11A401/rc_tracking/install/rc_detection/lib/librc_detection__rosidl_typesupport_fastrtps_c.so" to ""
-- Up-to-date: /home/ssafy/Desktop/S14P11A401/rc_tracking/install/rc_detection/include/rc_detection/rc_detection
-- Up-to-date: /home/ssafy/Desktop/S14P11A401/rc_tracking/install/rc_detection/include/rc_detection/rc_detection/msg
-- Installing: /home/ssafy/Desktop/S14P11A401/rc_tracking/install/rc_detection/include/rc_detection/rc_detection/msg/rosidl_typesupport_introspection_c__visibility_control.h
-- Up-to-date: /home/ssafy/Desktop/S14P11A401/rc_tracking/install/rc_detection/include/rc_detection/rc_detection/msg/detail
-- Installing: /home/ssafy/Desktop/S14P11A401/rc_tracking/install/rc_detection/include/rc_detection/rc_detection/msg/detail/detection__type_support.c
-- Installing: /home/ssafy/Desktop/S14P11A401/rc_tracking/install/rc_detection/include/rc_detection/rc_detection/msg/detail/detection__rosidl_typesupport_introspection_c.h
-- Installing: /home/ssafy/Desktop/S14P11A401/rc_tracking/install/rc_detection/include/rc_detection/rc_detection/msg/detail/detection_array__type_support.c
-- Installing: /home/ssafy/Desktop/S14P11A401/rc_tracking/install/rc_detection/include/rc_detection/rc_detection/msg/detail/detection_array__rosidl_typesupport_introspection_c.h
-- Installing: /home/ssafy/Desktop/S14P11A401/rc_tracking/install/rc_detection/lib/librc_detection__rosidl_typesupport_introspection_c.so
-- Set runtime path of "/home/ssafy/Desktop/S14P11A401/rc_tracking/install/rc_detection/lib/librc_detection__rosidl_typesupport_introspection_c.so" to ""
-- Installing: /home/ssafy/Desktop/S14P11A401/rc_tracking/install/rc_detection/lib/librc_detection__rosidl_typesupport_c.so
-- Set runtime path of "/home/ssafy/Desktop/S14P11A401/rc_tracking/install/rc_detection/lib/librc_detection__rosidl_typesupport_c.so" to ""
-- Up-to-date: /home/ssafy/Desktop/S14P11A401/rc_tracking/install/rc_detection/include/rc_detection/rc_detection
-- Up-to-date: /home/ssafy/Desktop/S14P11A401/rc_tracking/install/rc_detection/include/rc_detection/rc_detection/msg
-- Installing: /home/ssafy/Desktop/S14P11A401/rc_tracking/install/rc_detection/include/rc_detection/rc_detection/msg/rosidl_generator_cpp__visibility_control.hpp
-- Up-to-date: /home/ssafy/Desktop/S14P11A401/rc_tracking/install/rc_detection/include/rc_detection/rc_detection/msg/detail
-- Installing: /home/ssafy/Desktop/S14P11A401/rc_tracking/install/rc_detection/include/rc_detection/rc_detection/msg/detail/detection__traits.hpp
-- Installing: /home/ssafy/Desktop/S14P11A401/rc_tracking/install/rc_detection/include/rc_detection/rc_detection/msg/detail/detection__builder.hpp
-- Installing: /home/ssafy/Desktop/S14P11A401/rc_tracking/install/rc_detection/include/rc_detection/rc_detection/msg/detail/detection__struct.hpp
-- Installing: /home/ssafy/Desktop/S14P11A401/rc_tracking/install/rc_detection/include/rc_detection/rc_detection/msg/detail/detection_array__type_support.hpp
-- Installing: /home/ssafy/Desktop/S14P11A401/rc_tracking/install/rc_detection/include/rc_detection/rc_detection/msg/detail/detection_array__builder.hpp
-- Installing: /home/ssafy/Desktop/S14P11A401/rc_tracking/install/rc_detection/include/rc_detection/rc_detection/msg/detail/detection__type_support.hpp
-- Installing: /home/ssafy/Desktop/S14P11A401/rc_tracking/install/rc_detection/include/rc_detection/rc_detection/msg/detail/detection_array__struct.hpp
-- Installing: /home/ssafy/Desktop/S14P11A401/rc_tracking/install/rc_detection/include/rc_detection/rc_detection/msg/detail/detection_array__traits.hpp
-- Installing: /home/ssafy/Desktop/S14P11A401/rc_tracking/install/rc_detection/include/rc_detection/rc_detection/msg/detection.hpp
-- Installing: /home/ssafy/Desktop/S14P11A401/rc_tracking/install/rc_detection/include/rc_detection/rc_detection/msg/detection_array.hpp
-- Up-to-date: /home/ssafy/Desktop/S14P11A401/rc_tracking/install/rc_detection/include/rc_detection/rc_detection
-- Up-to-date: /home/ssafy/Desktop/S14P11A401/rc_tracking/install/rc_detection/include/rc_detection/rc_detection/msg
-- Up-to-date: /home/ssafy/Desktop/S14P11A401/rc_tracking/install/rc_detection/include/rc_detection/rc_detection/msg/detail
-- Installing: /home/ssafy/Desktop/S14P11A401/rc_tracking/install/rc_detection/include/rc_detection/rc_detection/msg/detail/detection_array__rosidl_typesupport_fastrtps_cpp.hpp
-- Installing: /home/ssafy/Desktop/S14P11A401/rc_tracking/install/rc_detection/include/rc_detection/rc_detection/msg/detail/detection__rosidl_typesupport_fastrtps_cpp.hpp
-- Installing: /home/ssafy/Desktop/S14P11A401/rc_tracking/install/rc_detection/include/rc_detection/rc_detection/msg/detail/dds_fastrtps
-- Installing: /home/ssafy/Desktop/S14P11A401/rc_tracking/install/rc_detection/include/rc_detection/rc_detection/msg/rosidl_typesupport_fastrtps_cpp__visibility_control.h
-- Installing: /home/ssafy/Desktop/S14P11A401/rc_tracking/install/rc_detection/lib/librc_detection__rosidl_typesupport_fastrtps_cpp.so
-- Set runtime path of "/home/ssafy/Desktop/S14P11A401/rc_tracking/install/rc_detection/lib/librc_detection__rosidl_typesupport_fastrtps_cpp.so" to ""
-- Up-to-date: /home/ssafy/Desktop/S14P11A401/rc_tracking/install/rc_detection/include/rc_detection/rc_detection
-- Up-to-date: /home/ssafy/Desktop/S14P11A401/rc_tracking/install/rc_detection/include/rc_detection/rc_detection/msg
-- Up-to-date: /home/ssafy/Desktop/S14P11A401/rc_tracking/install/rc_detection/include/rc_detection/rc_detection/msg/detail
-- Installing: /home/ssafy/Desktop/S14P11A401/rc_tracking/install/rc_detection/include/rc_detection/rc_detection/msg/detail/detection__type_support.cpp
-- Installing: /home/ssafy/Desktop/S14P11A401/rc_tracking/install/rc_detection/include/rc_detection/rc_detection/msg/detail/detection_array__type_support.cpp
-- Installing: /home/ssafy/Desktop/S14P11A401/rc_tracking/install/rc_detection/include/rc_detection/rc_detection/msg/detail/detection_array__rosidl_typesupport_introspection_cpp.hpp
-- Installing: /home/ssafy/Desktop/S14P11A401/rc_tracking/install/rc_detection/include/rc_detection/rc_detection/msg/detail/detection__rosidl_typesupport_introspection_cpp.hpp
-- Installing: /home/ssafy/Desktop/S14P11A401/rc_tracking/install/rc_detection/lib/librc_detection__rosidl_typesupport_introspection_cpp.so
-- Set runtime path of "/home/ssafy/Desktop/S14P11A401/rc_tracking/install/rc_detection/lib/librc_detection__rosidl_typesupport_introspection_cpp.so" to ""
-- Installing: /home/ssafy/Desktop/S14P11A401/rc_tracking/install/rc_detection/lib/librc_detection__rosidl_typesupport_cpp.so
-- Set runtime path of "/home/ssafy/Desktop/S14P11A401/rc_tracking/install/rc_detection/lib/librc_detection__rosidl_typesupport_cpp.so" to ""
-- Installing: /home/ssafy/Desktop/S14P11A401/rc_tracking/install/rc_detection/share/rc_detection/environment/pythonpath.sh
-- Installing: /home/ssafy/Desktop/S14P11A401/rc_tracking/install/rc_detection/share/rc_detection/environment/pythonpath.dsv
-- Installing: /home/ssafy/Desktop/S14P11A401/rc_tracking/install/rc_detection/lib/python3.10/site-packages/rc_detection-0.0.1-py3.10.egg-info
-- Installing: /home/ssafy/Desktop/S14P11A401/rc_tracking/install/rc_detection/lib/python3.10/site-packages/rc_detection-0.0.1-py3.10.egg-info/SOURCES.txt
-- Installing: /home/ssafy/Desktop/S14P11A401/rc_tracking/install/rc_detection/lib/python3.10/site-packages/rc_detection-0.0.1-py3.10.egg-info/PKG-INFO
-- Installing: /home/ssafy/Desktop/S14P11A401/rc_tracking/install/rc_detection/lib/python3.10/site-packages/rc_detection-0.0.1-py3.10.egg-info/dependency_links.txt
-- Installing: /home/ssafy/Desktop/S14P11A401/rc_tracking/install/rc_detection/lib/python3.10/site-packages/rc_detection-0.0.1-py3.10.egg-info/top_level.txt
-- Installing: /home/ssafy/Desktop/S14P11A401/rc_tracking/install/rc_detection/lib/python3.10/site-packages/rc_detection
-- Installing: /home/ssafy/Desktop/S14P11A401/rc_tracking/install/rc_detection/lib/python3.10/site-packages/rc_detection/rc_detection_s__rosidl_typesupport_fastrtps_c.cpython-310-aarch64-linux-gnu.so
-- Installing: /home/ssafy/Desktop/S14P11A401/rc_tracking/install/rc_detection/lib/python3.10/site-packages/rc_detection/_rc_detection_s.ep.rosidl_typesupport_c.c
-- Installing: /home/ssafy/Desktop/S14P11A401/rc_tracking/install/rc_detection/lib/python3.10/site-packages/rc_detection/msg
-- Installing: /home/ssafy/Desktop/S14P11A401/rc_tracking/install/rc_detection/lib/python3.10/site-packages/rc_detection/msg/_detection_array_s.c
-- Installing: /home/ssafy/Desktop/S14P11A401/rc_tracking/install/rc_detection/lib/python3.10/site-packages/rc_detection/msg/_detection_s.c
-- Installing: /home/ssafy/Desktop/S14P11A401/rc_tracking/install/rc_detection/lib/python3.10/site-packages/rc_detection/msg/_detection.py
-- Installing: /home/ssafy/Desktop/S14P11A401/rc_tracking/install/rc_detection/lib/python3.10/site-packages/rc_detection/msg/__init__.py
-- Installing: /home/ssafy/Desktop/S14P11A401/rc_tracking/install/rc_detection/lib/python3.10/site-packages/rc_detection/msg/_detection_array.py
-- Installing: /home/ssafy/Desktop/S14P11A401/rc_tracking/install/rc_detection/lib/python3.10/site-packages/rc_detection/rc_detection_s__rosidl_typesupport_introspection_c.cpython-310-aarch64-linux-gnu.so
-- Installing: /home/ssafy/Desktop/S14P11A401/rc_tracking/install/rc_detection/lib/python3.10/site-packages/rc_detection/_rc_detection_s.ep.rosidl_typesupport_introspection_c.c
-- Installing: /home/ssafy/Desktop/S14P11A401/rc_tracking/install/rc_detection/lib/python3.10/site-packages/rc_detection/librc_detection__rosidl_generator_py.so
-- Installing: /home/ssafy/Desktop/S14P11A401/rc_tracking/install/rc_detection/lib/python3.10/site-packages/rc_detection/rc_detection_s__rosidl_typesupport_c.cpython-310-aarch64-linux-gnu.so
-- Installing: /home/ssafy/Desktop/S14P11A401/rc_tracking/install/rc_detection/lib/python3.10/site-packages/rc_detection/_rc_detection_s.ep.rosidl_typesupport_fastrtps_c.c
-- Installing: /home/ssafy/Desktop/S14P11A401/rc_tracking/install/rc_detection/lib/python3.10/site-packages/rc_detection/__init__.py
Listing '/home/ssafy/Desktop/S14P11A401/rc_tracking/install/rc_detection/lib/python3.10/site-packages/rc_detection'...
Compiling '/home/ssafy/Desktop/S14P11A401/rc_tracking/install/rc_detection/lib/python3.10/site-packages/rc_detection/__init__.py'...
Listing '/home/ssafy/Desktop/S14P11A401/rc_tracking/install/rc_detection/lib/python3.10/site-packages/rc_detection/msg'...
Compiling '/home/ssafy/Desktop/S14P11A401/rc_tracking/install/rc_detection/lib/python3.10/site-packages/rc_detection/msg/__init__.py'...
Compiling '/home/ssafy/Desktop/S14P11A401/rc_tracking/install/rc_detection/lib/python3.10/site-packages/rc_detection/msg/_detection.py'...
Compiling '/home/ssafy/Desktop/S14P11A401/rc_tracking/install/rc_detection/lib/python3.10/site-packages/rc_detection/msg/_detection_array.py'...
-- Installing: /home/ssafy/Desktop/S14P11A401/rc_tracking/install/rc_detection/lib/python3.10/site-packages/rc_detection/rc_detection_s__rosidl_typesupport_fastrtps_c.cpython-310-aarch64-linux-gnu.so
-- Set runtime path of "/home/ssafy/Desktop/S14P11A401/rc_tracking/install/rc_detection/lib/python3.10/site-packages/rc_detection/rc_detection_s__rosidl_typesupport_fastrtps_c.cpython-310-aarch64-linux-gnu.so" to ""
-- Installing: /home/ssafy/Desktop/S14P11A401/rc_tracking/install/rc_detection/lib/python3.10/site-packages/rc_detection/rc_detection_s__rosidl_typesupport_introspection_c.cpython-310-aarch64-linux-gnu.so
-- Set runtime path of "/home/ssafy/Desktop/S14P11A401/rc_tracking/install/rc_detection/lib/python3.10/site-packages/rc_detection/rc_detection_s__rosidl_typesupport_introspection_c.cpython-310-aarch64-linux-gnu.so" to ""
-- Installing: /home/ssafy/Desktop/S14P11A401/rc_tracking/install/rc_detection/lib/python3.10/site-packages/rc_detection/rc_detection_s__rosidl_typesupport_c.cpython-310-aarch64-linux-gnu.so
-- Set runtime path of "/home/ssafy/Desktop/S14P11A401/rc_tracking/install/rc_detection/lib/python3.10/site-packages/rc_detection/rc_detection_s__rosidl_typesupport_c.cpython-310-aarch64-linux-gnu.so" to ""
-- Installing: /home/ssafy/Desktop/S14P11A401/rc_tracking/install/rc_detection/lib/librc_detection__rosidl_generator_py.so
-- Set runtime path of "/home/ssafy/Desktop/S14P11A401/rc_tracking/install/rc_detection/lib/librc_detection__rosidl_generator_py.so" to ""
-- Installing: /home/ssafy/Desktop/S14P11A401/rc_tracking/install/rc_detection/share/rc_detection/msg/Detection.idl
-- Installing: /home/ssafy/Desktop/S14P11A401/rc_tracking/install/rc_detection/share/rc_detection/msg/DetectionArray.idl
-- Installing: /home/ssafy/Desktop/S14P11A401/rc_tracking/install/rc_detection/share/rc_detection/msg/Detection.msg
-- Installing: /home/ssafy/Desktop/S14P11A401/rc_tracking/install/rc_detection/share/rc_detection/msg/DetectionArray.msg
-- Installing: /home/ssafy/Desktop/S14P11A401/rc_tracking/install/rc_detection/share/rc_detection//launch
-- Installing: /home/ssafy/Desktop/S14P11A401/rc_tracking/install/rc_detection/share/rc_detection//launch/tracking_webcam.launch.py
-- Installing: /home/ssafy/Desktop/S14P11A401/rc_tracking/install/rc_detection/share/rc_detection//launch/tracking_ydlidar.launch.py
-- Installing: /home/ssafy/Desktop/S14P11A401/rc_tracking/install/rc_detection/share/rc_detection//launch/full_system.launch.py
-- Installing: /home/ssafy/Desktop/S14P11A401/rc_tracking/install/rc_detection/share/rc_detection//launch/tracking_system.launch.py
-- Installing: /home/ssafy/Desktop/S14P11A401/rc_tracking/install/rc_detection/share/rc_detection//launch/slam_mapping.launch.py
-- Installing: /home/ssafy/Desktop/S14P11A401/rc_tracking/install/rc_detection/share/rc_detection//config
-- Installing: /home/ssafy/Desktop/S14P11A401/rc_tracking/install/rc_detection/share/rc_detection//config/slam_config.rviz
-- Installing: /home/ssafy/Desktop/S14P11A401/rc_tracking/install/rc_detection/share/ament_index/resource_index/package_run_dependencies/rc_detection
-- Installing: /home/ssafy/Desktop/S14P11A401/rc_tracking/install/rc_detection/share/ament_index/resource_index/parent_prefix_path/rc_detection
-- Installing: /home/ssafy/Desktop/S14P11A401/rc_tracking/install/rc_detection/share/rc_detection/environment/ament_prefix_path.sh
-- Installing: /home/ssafy/Desktop/S14P11A401/rc_tracking/install/rc_detection/share/rc_detection/environment/ament_prefix_path.dsv
-- Installing: /home/ssafy/Desktop/S14P11A401/rc_tracking/install/rc_detection/share/rc_detection/environment/path.sh
-- Installing: /home/ssafy/Desktop/S14P11A401/rc_tracking/install/rc_detection/share/rc_detection/environment/path.dsv
-- Installing: /home/ssafy/Desktop/S14P11A401/rc_tracking/install/rc_detection/share/rc_detection/local_setup.bash
-- Installing: /home/ssafy/Desktop/S14P11A401/rc_tracking/install/rc_detection/share/rc_detection/local_setup.sh
-- Installing: /home/ssafy/Desktop/S14P11A401/rc_tracking/install/rc_detection/share/rc_detection/local_setup.zsh
-- Installing: /home/ssafy/Desktop/S14P11A401/rc_tracking/install/rc_detection/share/rc_detection/local_setup.dsv
-- Installing: /home/ssafy/Desktop/S14P11A401/rc_tracking/install/rc_detection/share/rc_detection/package.dsv
-- Installing: /home/ssafy/Desktop/S14P11A401/rc_tracking/install/rc_detection/share/ament_index/resource_index/packages/rc_detection
-- Installing: /home/ssafy/Desktop/S14P11A401/rc_tracking/install/rc_detection/share/rc_detection/cmake/export_rc_detection__rosidl_generator_cExport.cmake
-- Installing: /home/ssafy/Desktop/S14P11A401/rc_tracking/install/rc_detection/share/rc_detection/cmake/export_rc_detection__rosidl_generator_cExport-noconfig.cmake
-- Installing: /home/ssafy/Desktop/S14P11A401/rc_tracking/install/rc_detection/share/rc_detection/cmake/export_rc_detection__rosidl_typesupport_fastrtps_cExport.cmake
-- Installing: /home/ssafy/Desktop/S14P11A401/rc_tracking/install/rc_detection/share/rc_detection/cmake/export_rc_detection__rosidl_typesupport_fastrtps_cExport-noconfig.cmake
-- Installing: /home/ssafy/Desktop/S14P11A401/rc_tracking/install/rc_detection/share/rc_detection/cmake/rc_detection__rosidl_typesupport_introspection_cExport.cmake
-- Installing: /home/ssafy/Desktop/S14P11A401/rc_tracking/install/rc_detection/share/rc_detection/cmake/rc_detection__rosidl_typesupport_introspection_cExport-noconfig.cmake
-- Installing: /home/ssafy/Desktop/S14P11A401/rc_tracking/install/rc_detection/share/rc_detection/cmake/rc_detection__rosidl_typesupport_cExport.cmake
-- Installing: /home/ssafy/Desktop/S14P11A401/rc_tracking/install/rc_detection/share/rc_detection/cmake/rc_detection__rosidl_typesupport_cExport-noconfig.cmake
-- Installing: /home/ssafy/Desktop/S14P11A401/rc_tracking/install/rc_detection/share/rc_detection/cmake/export_rc_detection__rosidl_generator_cppExport.cmake
-- Installing: /home/ssafy/Desktop/S14P11A401/rc_tracking/install/rc_detection/share/rc_detection/cmake/export_rc_detection__rosidl_typesupport_fastrtps_cppExport.cmake
-- Installing: /home/ssafy/Desktop/S14P11A401/rc_tracking/install/rc_detection/share/rc_detection/cmake/export_rc_detection__rosidl_typesupport_fastrtps_cppExport-noconfig.cmake
-- Installing: /home/ssafy/Desktop/S14P11A401/rc_tracking/install/rc_detection/share/rc_detection/cmake/rc_detection__rosidl_typesupport_introspection_cppExport.cmake
-- Installing: /home/ssafy/Desktop/S14P11A401/rc_tracking/install/rc_detection/share/rc_detection/cmake/rc_detection__rosidl_typesupport_introspection_cppExport-noconfig.cmake
-- Installing: /home/ssafy/Desktop/S14P11A401/rc_tracking/install/rc_detection/share/rc_detection/cmake/rc_detection__rosidl_typesupport_cppExport.cmake
-- Installing: /home/ssafy/Desktop/S14P11A401/rc_tracking/install/rc_detection/share/rc_detection/cmake/rc_detection__rosidl_typesupport_cppExport-noconfig.cmake
-- Installing: /home/ssafy/Desktop/S14P11A401/rc_tracking/install/rc_detection/share/rc_detection/cmake/export_rc_detection__rosidl_generator_pyExport.cmake
-- Installing: /home/ssafy/Desktop/S14P11A401/rc_tracking/install/rc_detection/share/rc_detection/cmake/export_rc_detection__rosidl_generator_pyExport-noconfig.cmake
-- Installing: /home/ssafy/Desktop/S14P11A401/rc_tracking/install/rc_detection/share/rc_detection/cmake/rosidl_cmake-extras.cmake
-- Installing: /home/ssafy/Desktop/S14P11A401/rc_tracking/install/rc_detection/share/rc_detection/cmake/ament_cmake_export_dependencies-extras.cmake
-- Installing: /home/ssafy/Desktop/S14P11A401/rc_tracking/install/rc_detection/share/rc_detection/cmake/ament_cmake_export_include_directories-extras.cmake
-- Installing: /home/ssafy/Desktop/S14P11A401/rc_tracking/install/rc_detection/share/rc_detection/cmake/ament_cmake_export_libraries-extras.cmake
-- Installing: /home/ssafy/Desktop/S14P11A401/rc_tracking/install/rc_detection/share/rc_detection/cmake/ament_cmake_export_targets-extras.cmake
-- Installing: /home/ssafy/Desktop/S14P11A401/rc_tracking/install/rc_detection/share/rc_detection/cmake/rosidl_cmake_export_typesupport_targets-extras.cmake
-- Installing: /home/ssafy/Desktop/S14P11A401/rc_tracking/install/rc_detection/share/rc_detection/cmake/rosidl_cmake_export_typesupport_libraries-extras.cmake
-- Installing: /home/ssafy/Desktop/S14P11A401/rc_tracking/install/rc_detection/share/rc_detection/cmake/rc_detectionConfig.cmake
-- Installing: /home/ssafy/Desktop/S14P11A401/rc_tracking/install/rc_detection/share/rc_detection/cmake/rc_detectionConfig-version.cmake
-- Installing: /home/ssafy/Desktop/S14P11A401/rc_tracking/install/rc_detection/share/rc_detection/package.xml
